{
  "/home/rlllok/Documents/django_vue/misha/frontend/vue_frontend/src/App.vue": {
    "path": "/home/rlllok/Documents/django_vue/misha/frontend/vue_frontend/src/App.vue",
    "statementMap": {
      "0": {
        "start": {
          "line": 3,
          "column": 19
        },
        "end": {
          "line": 3,
          "column": 32
        }
      },
      "1": {
        "start": {
          "line": 4,
          "column": 32
        },
        "end": {
          "line": 4,
          "column": 56
        }
      },
      "2": {
        "start": {
          "line": 5,
          "column": 32
        },
        "end": {
          "line": 5,
          "column": 59
        }
      },
      "3": {
        "start": {
          "line": 6,
          "column": 32
        },
        "end": {
          "line": 6,
          "column": 59
        }
      },
      "4": {
        "start": {
          "line": 7,
          "column": 32
        },
        "end": {
          "line": 7,
          "column": 59
        }
      },
      "5": {
        "start": {
          "line": 8,
          "column": 32
        },
        "end": {
          "line": 8,
          "column": 57
        }
      },
      "6": {
        "start": {
          "line": 11,
          "column": 33
        },
        "end": {
          "line": 11,
          "column": 65
        }
      },
      "7": {
        "start": {
          "line": 12,
          "column": 33
        },
        "end": {
          "line": 12,
          "column": 65
        }
      },
      "8": {
        "start": {
          "line": 14,
          "column": 2
        },
        "end": {
          "line": 63,
          "column": 5
        }
      },
      "9": {
        "start": {
          "line": 20,
          "column": 32
        },
        "end": {
          "line": 22,
          "column": 9
        }
      },
      "10": {
        "start": {
          "line": 29,
          "column": 32
        },
        "end": {
          "line": 31,
          "column": 9
        }
      },
      "11": {
        "start": {
          "line": 38,
          "column": 32
        },
        "end": {
          "line": 40,
          "column": 9
        }
      },
      "12": {
        "start": {
          "line": 47,
          "column": 32
        },
        "end": {
          "line": 49,
          "column": 9
        }
      },
      "13": {
        "start": {
          "line": 56,
          "column": 32
        },
        "end": {
          "line": 58,
          "column": 9
        }
      }
    },
    "fnMap": {
      "0": {
        "name": "render",
        "decl": {
          "start": {
            "line": 10,
            "column": 16
          },
          "end": {
            "line": 10,
            "column": 22
          }
        },
        "loc": {
          "start": {
            "line": 10,
            "column": 37
          },
          "end": {
            "line": 64,
            "column": 1
          }
        },
        "line": 10
      },
      "1": {
        "name": "(anonymous_1)",
        "decl": {
          "start": {
            "line": 20,
            "column": 26
          },
          "end": {
            "line": 20,
            "column": 27
          }
        },
        "loc": {
          "start": {
            "line": 20,
            "column": 32
          },
          "end": {
            "line": 22,
            "column": 9
          }
        },
        "line": 20
      },
      "2": {
        "name": "(anonymous_2)",
        "decl": {
          "start": {
            "line": 29,
            "column": 26
          },
          "end": {
            "line": 29,
            "column": 27
          }
        },
        "loc": {
          "start": {
            "line": 29,
            "column": 32
          },
          "end": {
            "line": 31,
            "column": 9
          }
        },
        "line": 29
      },
      "3": {
        "name": "(anonymous_3)",
        "decl": {
          "start": {
            "line": 38,
            "column": 26
          },
          "end": {
            "line": 38,
            "column": 27
          }
        },
        "loc": {
          "start": {
            "line": 38,
            "column": 32
          },
          "end": {
            "line": 40,
            "column": 9
          }
        },
        "line": 38
      },
      "4": {
        "name": "(anonymous_4)",
        "decl": {
          "start": {
            "line": 47,
            "column": 26
          },
          "end": {
            "line": 47,
            "column": 27
          }
        },
        "loc": {
          "start": {
            "line": 47,
            "column": 32
          },
          "end": {
            "line": 49,
            "column": 9
          }
        },
        "line": 47
      },
      "5": {
        "name": "(anonymous_5)",
        "decl": {
          "start": {
            "line": 56,
            "column": 26
          },
          "end": {
            "line": 56,
            "column": 27
          }
        },
        "loc": {
          "start": {
            "line": 56,
            "column": 32
          },
          "end": {
            "line": 58,
            "column": 9
          }
        },
        "line": 56
      }
    },
    "branchMap": {},
    "s": {
      "0": 157,
      "1": 157,
      "2": 157,
      "3": 157,
      "4": 157,
      "5": 157,
      "6": 157,
      "7": 157,
      "8": 157,
      "9": 321,
      "10": 321,
      "11": 321,
      "12": 321,
      "13": 321
    },
    "f": {
      "0": 157,
      "1": 321,
      "2": 321,
      "3": 321,
      "4": 321,
      "5": 321
    },
    "b": {},
    "inputSourceMap": {
      "version": 3,
      "sources": [
        "/home/rlllok/Documents/django_vue/misha/frontend/vue_frontend/src/App.vue"
      ],
      "names": [],
      "mappings": ";;qBAEa,EAAE,EAAC,KAAK;iDAC0C,MAAI;iDACF,SAAO;iDACP,SAAO;iDACN,SAAO;iDACT,OAAK;;;;;;wBANjE,oBASO;IARH,oBAMM,OANN,UAMM;MALF,aAAqE;QAAvD,EAAE,EAAE,cAAc;QAAE,EAAE,EAAC,aAAa;;0BAAC,CAAI;;;;;MACvD,aAA0E;QAA5D,EAAE,EAAE,gBAAgB;QAAE,EAAE,EAAC,aAAa;;0BAAC,CAAO;;;;;MAC5D,aAA0E;QAA5D,EAAE,EAAE,gBAAgB;QAAE,EAAE,EAAC,aAAa;;0BAAC,CAAO;;;;;MAC5D,aAA2E;QAA7D,EAAE,EAAE,iBAAiB;QAAE,EAAE,EAAC,aAAa;;0BAAC,CAAO;;;;;MAC7D,aAAuE;QAAzD,EAAE,EAAE,eAAe;QAAE,EAAE,EAAC,aAAa;;0BAAC,CAAK;;;;;;IAE7D,aAAc",
      "file": "/home/rlllok/Documents/django_vue/misha/frontend/vue_frontend/src/App.vue",
      "sourceRoot": "",
      "sourcesContent": [
        "<template>\n    <body>\n        <div id=\"nav\">\n            <router-link :to=\"{name: 'Home'}\" id='router_link'>Home</router-link>\n            <router-link :to=\"{name: 'SignIn'}\" id='router_link'>Sign In</router-link>\n            <router-link :to=\"{name: 'SignUp'}\" id='router_link'>Sign Up</router-link>\n            <router-link :to=\"{name: 'Profile'}\" id='router_link'>Profile</router-link>\n            <router-link :to=\"{name: 'About'}\" id='router_link'>About</router-link>\n        </div>\n        <router-view/>\n    </body>\n</template>\n\n<style>\n\n#router_link {\n    margin: 5px\n}\n\nbody {\n    margin: 0;\n    padding: 0;\n    font-family: \"TimesNewRoman\";\n    background: url(../images/background.jpg) fixed;\n    background-size: 100%;\n    width: 100%;\n}\n\ninput {\n    width: 100%;\n    padding: 12px 20px;\n    margin: 8px 0;\n    display: inline-block;\n    border: 1px solid #ccc;\n    border-radius: 4px;\n    box-sizing: border-box;\n}\n\ninput[type=submit] {\n    width: 100%;\n    background-color: #41BE7Aaa;\n    padding: 14px 20px;\n    margin: 8px 0;\n    border: none;\n    border-radius: 4px;\n    cursor: pointer;\n}\n\ninput[type=submit]:hover {\n    background-color: red;\n}\n\n#nav {\n    background-color: #41BE7Aaa;\n    text-align: center;\n}\n\n#nav a {\n    font-size: 18px;\n    color: #EBEBEB;\n}\n\n#nav a:hover {\n    font-size: 18px;\n    color: #9afcff;\n}\n\ndiv {\n    border-radius: 5px;\n    padding: 5px 5px 5px 5px;\n}\n\n#err_bar {\n    border-radius: 5px;\n    background-color: #EB3941;\n}\n\n#submit_button {\n    background-color: #195F48aa;\n    border: none;\n    color: #EBEBEB;\n    padding: 2px;\n    text-align: center;\n    text-decoration: none;\n    display: inline-block;\n    font-size: 16px;\n    margin: 4px 2px;\n    cursor: pointer;\n    border-radius: 70%;\n    border-radius: 12px;\n}\n\n#submit_button:hover {\n    background-color: #15624F;\n    border: none;\n    color: #EBEBEB;\n    padding: 5px;\n    text-align: center;\n    text-decoration: none;\n    display: inline-block;\n    font-size: 16px;\n    margin: 4px 2px;\n    cursor: pointer;\n    border-radius: 12px;\n}\n\ntd button {\n    border: none;\n    cursor: pointer;\n    padding: 0px;\n    border-radius: 100%;\n    background-color: transparent;\n}\n\ntable{\n    border-collapse: collapse;\n    border: 2px solid #BDBA34aa;\n    table-layout: fixed;\n    width: 100%;\n    white-space: pre-wrap;\n    color: #EBEBEB;\n}\n\nthead{\n    color: #EBEBEB;\n}\n\ntd{\n    border: 2px solid #BDBA34aa;\n    padding: 2px;\n    word-wrap: break-word;\n    color: #EBEBEB;\n}\n\nh1, h5, p{\n    color: #EBEBEB;\n}\n</style>"
      ]
    },
    "_coverageSchema": "1a1c01bbd47fc00a2c39e90264f33305004495a9",
    "hash": "1428950b9f6e3d37c0b0fd517e2d1b1de50118f3"
  },
  "/home/rlllok/Documents/django_vue/misha/frontend/vue_frontend/src/api/index.js": {
    "path": "/home/rlllok/Documents/django_vue/misha/frontend/vue_frontend/src/api/index.js",
    "statementMap": {
      "0": {
        "start": {
          "line": 3,
          "column": 15
        },
        "end": {
          "line": 6,
          "column": 2
        }
      }
    },
    "fnMap": {},
    "branchMap": {},
    "s": {
      "0": 157
    },
    "f": {},
    "b": {},
    "_coverageSchema": "1a1c01bbd47fc00a2c39e90264f33305004495a9",
    "hash": "759730600bc8f11bb05dfd10e31c5d8056d31b78"
  },
  "/home/rlllok/Documents/django_vue/misha/frontend/vue_frontend/src/store/index.js": {
    "path": "/home/rlllok/Documents/django_vue/misha/frontend/vue_frontend/src/store/index.js",
    "statementMap": {
      "0": {
        "start": {
          "line": 4,
          "column": 14
        },
        "end": {
          "line": 47,
          "column": 2
        }
      },
      "1": {
        "start": {
          "line": 12,
          "column": 12
        },
        "end": {
          "line": 12,
          "column": 38
        }
      },
      "2": {
        "start": {
          "line": 13,
          "column": 12
        },
        "end": {
          "line": 13,
          "column": 40
        }
      },
      "3": {
        "start": {
          "line": 14,
          "column": 12
        },
        "end": {
          "line": 14,
          "column": 35
        }
      },
      "4": {
        "start": {
          "line": 17,
          "column": 12
        },
        "end": {
          "line": 17,
          "column": 36
        }
      },
      "5": {
        "start": {
          "line": 18,
          "column": 12
        },
        "end": {
          "line": 18,
          "column": 37
        }
      },
      "6": {
        "start": {
          "line": 23,
          "column": 12
        },
        "end": {
          "line": 23,
          "column": 44
        }
      },
      "7": {
        "start": {
          "line": 28,
          "column": 12
        },
        "end": {
          "line": 39,
          "column": 14
        }
      },
      "8": {
        "start": {
          "line": 29,
          "column": 16
        },
        "end": {
          "line": 38,
          "column": 18
        }
      },
      "9": {
        "start": {
          "line": 33,
          "column": 20
        },
        "end": {
          "line": 33,
          "column": 46
        }
      },
      "10": {
        "start": {
          "line": 34,
          "column": 20
        },
        "end": {
          "line": 34,
          "column": 156
        }
      },
      "11": {
        "start": {
          "line": 35,
          "column": 20
        },
        "end": {
          "line": 35,
          "column": 29
        }
      },
      "12": {
        "start": {
          "line": 37,
          "column": 20
        },
        "end": {
          "line": 37,
          "column": 31
        }
      },
      "13": {
        "start": {
          "line": 42,
          "column": 12
        },
        "end": {
          "line": 44,
          "column": 13
        }
      },
      "14": {
        "start": {
          "line": 43,
          "column": 16
        },
        "end": {
          "line": 43,
          "column": 46
        }
      }
    },
    "fnMap": {
      "0": {
        "name": "(anonymous_0)",
        "decl": {
          "start": {
            "line": 11,
            "column": 8
          },
          "end": {
            "line": 11,
            "column": 9
          }
        },
        "loc": {
          "start": {
            "line": 11,
            "column": 58
          },
          "end": {
            "line": 15,
            "column": 9
          }
        },
        "line": 11
      },
      "1": {
        "name": "(anonymous_1)",
        "decl": {
          "start": {
            "line": 16,
            "column": 8
          },
          "end": {
            "line": 16,
            "column": 9
          }
        },
        "loc": {
          "start": {
            "line": 16,
            "column": 29
          },
          "end": {
            "line": 19,
            "column": 9
          }
        },
        "line": 16
      },
      "2": {
        "name": "(anonymous_2)",
        "decl": {
          "start": {
            "line": 22,
            "column": 8
          },
          "end": {
            "line": 22,
            "column": 9
          }
        },
        "loc": {
          "start": {
            "line": 22,
            "column": 27
          },
          "end": {
            "line": 24,
            "column": 9
          }
        },
        "line": 22
      },
      "3": {
        "name": "(anonymous_3)",
        "decl": {
          "start": {
            "line": 27,
            "column": 8
          },
          "end": {
            "line": 27,
            "column": 9
          }
        },
        "loc": {
          "start": {
            "line": 27,
            "column": 45
          },
          "end": {
            "line": 40,
            "column": 9
          }
        },
        "line": 27
      },
      "4": {
        "name": "(anonymous_4)",
        "decl": {
          "start": {
            "line": 28,
            "column": 31
          },
          "end": {
            "line": 28,
            "column": 32
          }
        },
        "loc": {
          "start": {
            "line": 28,
            "column": 52
          },
          "end": {
            "line": 39,
            "column": 13
          }
        },
        "line": 28
      },
      "5": {
        "name": "(anonymous_5)",
        "decl": {
          "start": {
            "line": 32,
            "column": 24
          },
          "end": {
            "line": 32,
            "column": 25
          }
        },
        "loc": {
          "start": {
            "line": 32,
            "column": 36
          },
          "end": {
            "line": 36,
            "column": 17
          }
        },
        "line": 32
      },
      "6": {
        "name": "(anonymous_6)",
        "decl": {
          "start": {
            "line": 36,
            "column": 25
          },
          "end": {
            "line": 36,
            "column": 26
          }
        },
        "loc": {
          "start": {
            "line": 36,
            "column": 32
          },
          "end": {
            "line": 38,
            "column": 17
          }
        },
        "line": 36
      },
      "7": {
        "name": "(anonymous_7)",
        "decl": {
          "start": {
            "line": 41,
            "column": 8
          },
          "end": {
            "line": 41,
            "column": 9
          }
        },
        "loc": {
          "start": {
            "line": 41,
            "column": 29
          },
          "end": {
            "line": 45,
            "column": 9
          }
        },
        "line": 41
      }
    },
    "branchMap": {
      "0": {
        "loc": {
          "start": {
            "line": 42,
            "column": 12
          },
          "end": {
            "line": 44,
            "column": 13
          }
        },
        "type": "if",
        "locations": [
          {
            "start": {
              "line": 42,
              "column": 12
            },
            "end": {
              "line": 44,
              "column": 13
            }
          },
          {
            "start": {},
            "end": {}
          }
        ],
        "line": 42
      }
    },
    "s": {
      "0": 157,
      "1": 0,
      "2": 0,
      "3": 0,
      "4": 0,
      "5": 0,
      "6": 7,
      "7": 1,
      "8": 1,
      "9": 0,
      "10": 0,
      "11": 0,
      "12": 0,
      "13": 0,
      "14": 0
    },
    "f": {
      "0": 0,
      "1": 0,
      "2": 7,
      "3": 1,
      "4": 1,
      "5": 0,
      "6": 0,
      "7": 0
    },
    "b": {
      "0": [
        0,
        0
      ]
    },
    "_coverageSchema": "1a1c01bbd47fc00a2c39e90264f33305004495a9",
    "hash": "cdf4550e2e294f7d1a90e18d6d4d96ae52ff0112"
  },
  "/home/rlllok/Documents/django_vue/misha/frontend/vue_frontend/src/views/HomeView.vue": {
    "path": "/home/rlllok/Documents/django_vue/misha/frontend/vue_frontend/src/views/HomeView.vue",
    "statementMap": {
      "0": {
        "start": {
          "line": 6,
          "column": 4
        },
        "end": {
          "line": 8,
          "column": 5
        }
      },
      "1": {
        "start": {
          "line": 12,
          "column": 4
        },
        "end": {
          "line": 16,
          "column": 5
        }
      },
      "2": {
        "start": {
          "line": 13,
          "column": 8
        },
        "end": {
          "line": 13,
          "column": 27
        }
      },
      "3": {
        "start": {
          "line": 15,
          "column": 8
        },
        "end": {
          "line": 15,
          "column": 43
        }
      },
      "4": {
        "start": {
          "line": 21,
          "column": 6
        },
        "end": {
          "line": 21,
          "column": 183
        }
      },
      "5": {
        "start": {
          "line": 21,
          "column": 153
        },
        "end": {
          "line": 21,
          "column": 182
        }
      },
      "6": {
        "start": {
          "line": 24,
          "column": 8
        },
        "end": {
          "line": 24,
          "column": 50
        }
      },
      "7": {
        "start": {
          "line": 27,
          "column": 8
        },
        "end": {
          "line": 27,
          "column": 76
        }
      },
      "8": {
        "start": {
          "line": 30,
          "column": 6
        },
        "end": {
          "line": 35,
          "column": 8
        }
      },
      "9": {
        "start": {
          "line": 31,
          "column": 8
        },
        "end": {
          "line": 31,
          "column": 29
        }
      },
      "10": {
        "start": {
          "line": 32,
          "column": 8
        },
        "end": {
          "line": 32,
          "column": 26
        }
      },
      "11": {
        "start": {
          "line": 34,
          "column": 10
        },
        "end": {
          "line": 34,
          "column": 28
        }
      }
    },
    "fnMap": {
      "0": {
        "name": "(anonymous_0)",
        "decl": {
          "start": {
            "line": 5,
            "column": 2
          },
          "end": {
            "line": 5,
            "column": 3
          }
        },
        "loc": {
          "start": {
            "line": 5,
            "column": 10
          },
          "end": {
            "line": 9,
            "column": 3
          }
        },
        "line": 5
      },
      "1": {
        "name": "(anonymous_1)",
        "decl": {
          "start": {
            "line": 11,
            "column": 2
          },
          "end": {
            "line": 11,
            "column": 3
          }
        },
        "loc": {
          "start": {
            "line": 11,
            "column": 12
          },
          "end": {
            "line": 17,
            "column": 3
          }
        },
        "line": 11
      },
      "2": {
        "name": "(anonymous_2)",
        "decl": {
          "start": {
            "line": 20,
            "column": 4
          },
          "end": {
            "line": 20,
            "column": 5
          }
        },
        "loc": {
          "start": {
            "line": 20,
            "column": 18
          },
          "end": {
            "line": 22,
            "column": 5
          }
        },
        "line": 20
      },
      "3": {
        "name": "(anonymous_3)",
        "decl": {
          "start": {
            "line": 21,
            "column": 141
          },
          "end": {
            "line": 21,
            "column": 142
          }
        },
        "loc": {
          "start": {
            "line": 21,
            "column": 153
          },
          "end": {
            "line": 21,
            "column": 182
          }
        },
        "line": 21
      },
      "4": {
        "name": "(anonymous_4)",
        "decl": {
          "start": {
            "line": 23,
            "column": 4
          },
          "end": {
            "line": 23,
            "column": 5
          }
        },
        "loc": {
          "start": {
            "line": 23,
            "column": 20
          },
          "end": {
            "line": 25,
            "column": 5
          }
        },
        "line": 23
      },
      "5": {
        "name": "(anonymous_5)",
        "decl": {
          "start": {
            "line": 26,
            "column": 4
          },
          "end": {
            "line": 26,
            "column": 5
          }
        },
        "loc": {
          "start": {
            "line": 26,
            "column": 30
          },
          "end": {
            "line": 28,
            "column": 5
          }
        },
        "line": 26
      },
      "6": {
        "name": "(anonymous_6)",
        "decl": {
          "start": {
            "line": 29,
            "column": 4
          },
          "end": {
            "line": 29,
            "column": 5
          }
        },
        "loc": {
          "start": {
            "line": 29,
            "column": 21
          },
          "end": {
            "line": 36,
            "column": 5
          }
        },
        "line": 29
      },
      "7": {
        "name": "(anonymous_7)",
        "decl": {
          "start": {
            "line": 30,
            "column": 121
          },
          "end": {
            "line": 30,
            "column": 122
          }
        },
        "loc": {
          "start": {
            "line": 30,
            "column": 133
          },
          "end": {
            "line": 33,
            "column": 7
          }
        },
        "line": 30
      },
      "8": {
        "name": "(anonymous_8)",
        "decl": {
          "start": {
            "line": 33,
            "column": 15
          },
          "end": {
            "line": 33,
            "column": 16
          }
        },
        "loc": {
          "start": {
            "line": 33,
            "column": 24
          },
          "end": {
            "line": 35,
            "column": 7
          }
        },
        "line": 33
      }
    },
    "branchMap": {
      "0": {
        "loc": {
          "start": {
            "line": 12,
            "column": 4
          },
          "end": {
            "line": 16,
            "column": 5
          }
        },
        "type": "if",
        "locations": [
          {
            "start": {
              "line": 12,
              "column": 4
            },
            "end": {
              "line": 16,
              "column": 5
            }
          },
          {
            "start": {
              "line": 14,
              "column": 11
            },
            "end": {
              "line": 16,
              "column": 5
            }
          }
        ],
        "line": 12
      }
    },
    "s": {
      "0": 7,
      "1": 7,
      "2": 0,
      "3": 7,
      "4": 0,
      "5": 0,
      "6": 0,
      "7": 0,
      "8": 0,
      "9": 0,
      "10": 0,
      "11": 0
    },
    "f": {
      "0": 7,
      "1": 7,
      "2": 0,
      "3": 0,
      "4": 0,
      "5": 0,
      "6": 0,
      "7": 0,
      "8": 0
    },
    "b": {
      "0": [
        0,
        7
      ]
    },
    "inputSourceMap": {
      "version": 3,
      "sources": [
        "/home/rlllok/Documents/django_vue/misha/frontend/vue_frontend/src/views/HomeView.vue"
      ],
      "names": [],
      "mappings": ";AAuCA,CAAC,CAAC,CAAC,CAAC,CAAC,EAAE,CAAC,CAAC,CAAC,CAAC,CAAC,CAAC,CAAC,EAAE,CAAC,CAAC,CAAC,EAAE,CAAC,CAAC,CAAC,CAAC,CAAC,CAAC,CAAC;;AAE5B,CAAC,CAAC,CAAC,CAAC,CAAC,EAAE,CAAC,CAAC,CAAC,CAAC,CAAC,CAAC,EAAE;EACb,CAAC,CAAC,CAAC,EAAE,CAAC,EAAE;IACN,CAAC,CAAC,CAAC,CAAC,CAAC,EAAE;MACL,CAAC,CAAC,CAAC,CAAC,CAAC,CAAC,CAAC,CAAC,EAAE,CAAC,CAAC;IACd;EACF,CAAC;;EAED,CAAC,CAAC,CAAC,CAAC,CAAC,CAAC,EAAE,CAAC,CAAC;IACR,CAAC,EAAE,CAAC,CAAC,CAAC,CAAC,CAAC,CAAC,CAAC,CAAC,CAAC,CAAC,CAAC,CAAC,CAAC,CAAC,CAAC,CAAC,CAAC,CAAC,CAAC,CAAC,CAAC,CAAC,CAAC,CAAC,CAAC,CAAC,CAAC,CAAC,CAAC,CAAC,CAAC,EAAE;QAChC,CAAC,CAAC,CAAC,CAAC,CAAC,CAAC,CAAC,CAAC,CAAC,CAAC,CAAC,CAAC,CAAC,CAAC,CAAC,CAAC,CAAC,CAAC;IACtB,EAAE,CAAC,CAAC,CAAC,EAAE;QACH,CAAC,CAAC,CAAC,CAAC,CAAC,CAAC,CAAC,CAAC,CAAC,CAAC,CAAC,CAAC,CAAC,CAAC,CAAC,CAAC,CAAC,CAAC,CAAC,CAAC,CAAC,CAAC,CAAC,EAAE,CAAC,CAAC,CAAC,CAAC,CAAC,CAAC,CAAC,CAAC,CAAC;IACtC;EACF,CAAC;;EAED,CAAC,CAAC,CAAC,CAAC,CAAC,CAAC,CAAC,EAAE;IACP,CAAC,CAAC,CAAC,CAAC,CAAC,CAAC,CAAC,CAAC,CAAC,CAAC,CAAC,CAAC,EAAE;MACZ,CAAC,CAAC,CAAC,CAAC,CAAC,CAAC,CAAC,CAAC,CAAC,CAAC,CAAC,CAAC,CAAC,CAAC,CAAC,CAAC,CAAC,CAAC,CAAC,CAAC,CAAC,CAAC,CAAC,CAAC,CAAC,CAAC,CAAC,CAAC,CAAC,CAAC,CAAC,CAAC,CAAC,CAAC,CAAC,CAAC,CAAC,CAAC,CAAC,CAAC,CAAC,CAAC,CAAC,CAAC,CAAC,CAAC,CAAC,CAAC,CAAC,CAAC,CAAC,CAAC,CAAC,EAAE,EAAE,CAAC,CAAC,CAAC,CAAC,CAAC,CAAC,CAAC,EAAE,EAAE,CAAC,CAAC,CAAC,CAAC,CAAC,CAAC,CAAC,CAAC,CAAC,CAAC,CAAC,CAAC,CAAC,EAAE,CAAC,CAAC,CAAC,CAAC,CAAC,CAAC,EAAE,CAAC,CAAC,CAAC,CAAC,CAAC,CAAC,CAAC,CAAC,CAAC,CAAC,CAAC,CAAC,CAAC,CAAC,CAAC,CAAC,CAAC,CAAC,CAAC,CAAC,CAAC,CAAC,CAAC,CAAC,CAAC,CAAC,CAAC,CAAC,CAAC,CAAC,CAAC,CAAC,EAAE,EAAE,CAAC,CAAC,CAAC,CAAC,CAAC,CAAC,CAAC,CAAC,CAAC,CAAC,CAAC,CAAC,CAAC,CAAC,CAAC,EAAE,CAAC,EAAE,CAAC,CAAC,CAAC,CAAC,CAAC,CAAC,CAAC,CAAC,CAAC,CAAC,CAAC,CAAC,EAAE,EAAE,CAAC,CAAC,CAAC,CAAC,CAAC,CAAC,CAAC,CAAC,CAAC,CAAC,CAAC,CAAC,CAAC;IAClL,CAAC;IACD,CAAC,CAAC,CAAC,CAAC,CAAC,CAAC,CAAC,CAAC,CAAC,CAAC,CAAC,CAAC,CAAC,CAAC,EAAE;QACZ,CAAC,CAAC,CAAC,CAAC,CAAC,CAAC,CAAC,CAAC,CAAC,CAAC,CAAC,CAAC,CAAC,CAAC,CAAC,CAAC,CAAC,CAAC,CAAC,CAAC,CAAC,CAAC,CAAC,EAAE,CAAC,CAAC,CAAC,CAAC,CAAC,CAAC,CAAC,CAAC,CAAC,CAAC,CAAC,CAAC,CAAC,CAAC,CAAC,CAAC;IAC7C,CAAC;IACD,CAAC,CAAC,CAAC,CAAC,CAAC,CAAC,CAAC,CAAC,CAAC,CAAC,CAAC,CAAC,CAAC,CAAC,CAAC,CAAC,CAAC,CAAC,CAAC,CAAC,CAAC,CAAC,CAAC,CAAC,EAAE;QACtB,CAAC,CAAC,CAAC,CAAC,CAAC,CAAC,CAAC,CAAC,CAAC,CAAC,CAAC,CAAC,CAAC,CAAC,CAAC,CAAC,CAAC,CAAC,CAAC,CAAC,CAAC,CAAC,CAAC,EAAE,CAAC,CAAC,CAAC,CAAC,CAAC,CAAC,CAAC,CAAC,CAAC,CAAC,CAAC,CAAC,CAAC,CAAC,CAAC,EAAE,CAAC,CAAC,CAAC,CAAC,CAAC,CAAC,EAAE,CAAC,CAAC,CAAC,EAAE,CAAC,CAAC,CAAC,CAAC,CAAC,CAAC,CAAC,CAAC,CAAC,CAAC,CAAC,CAAC;IACvE,CAAC;IACD,CAAC,CAAC,CAAC,CAAC,CAAC,CAAC,CAAC,CAAC,CAAC,CAAC,CAAC,CAAC,CAAC,CAAC,CAAC,CAAC,CAAC;MACf,CAAC,CAAC,CAAC,CAAC,CAAC,CAAC,CAAC,CAAC,CAAC,CAAC,CAAC,CAAC,CAAC,CAAC,CAAC,CAAC,CAAC,CAAC,CAAC,CAAC,CAAC,CAAC,CAAC,CAAC,CAAC,CAAC,CAAC,CAAC,CAAC,CAAC,CAAC,CAAC,CAAC,EAAE,EAAE,CAAC,CAAC,CAAC,CAAC,CAAC,CAAC,CAAC,EAAE,EAAE,CAAC,CAAC,CAAC,CAAC,CAAC,CAAC,CAAC,CAAC,CAAC,CAAC,CAAC,CAAC,CAAC,EAAE,CAAC,CAAC,CAAC,CAAC,CAAC,CAAC,EAAE,CAAC,CAAC,CAAC,CAAC,CAAC,CAAC,CAAC,CAAC,CAAC,CAAC,CAAC,CAAC,CAAC,CAAC,CAAC,CAAC,CAAC,CAAC,CAAC,CAAC,CAAC,CAAC,CAAC,CAAC,CAAC,CAAC,CAAC,CAAC,CAAC,CAAC,CAAC,CAAC,EAAE,EAAE,CAAC,CAAC,CAAC,CAAC,CAAC,CAAC,CAAC,CAAC,CAAC,CAAC,CAAC,CAAC,CAAC,CAAC,CAAC,EAAE,CAAC,EAAE;QAC7H,CAAC,CAAC,CAAC,CAAC,CAAC,CAAC,CAAC,CAAC,CAAC,CAAC,CAAC,CAAC,CAAC,CAAC,CAAC,CAAC,CAAC,CAAC,CAAC,CAAC;QACpB,CAAC,CAAC,CAAC,CAAC,CAAC,CAAC,CAAC,CAAC,CAAC,CAAC,CAAC,CAAC,CAAC,CAAC,CAAC,CAAC,CAAC;MACnB,CAAC,CAAC,CAAC,CAAC,CAAC,CAAC,CAAC,CAAC,CAAC,CAAC,CAAC,CAAC,CAAC,EAAE,CAAC,EAAE;UACd,CAAC,CAAC,CAAC,CAAC,CAAC,CAAC,CAAC,CAAC,CAAC,CAAC,CAAC,CAAC,CAAC,CAAC,CAAC,CAAC,CAAC;MACrB,CAAC;IACH,CAAC;EACH;AACF",
      "file": "/home/rlllok/Documents/django_vue/misha/frontend/vue_frontend/src/views/HomeView.vue",
      "sourceRoot": "",
      "sourcesContent": [
        "<template>\n  <body>\n    <h1>Contacts</h1>\n    <button id=\"submit_button\" @click=\"createContact\">Create New Contact</button>\n      <div>\n        <table>\n            <thead>\n                <tr>\n                    <th>Name</th>\n                    <th>Email</th>\n                    <th>Phone</th>\n                    <th>Update</th>\n                    <th>Delete</th>\n                </tr>\n            </thead>\n            <tbody>\n                <tr v-for=\"contact in contacts\" :key=\"contact.id\">\n                    <td>{{contact.full_name}}</td>\n                    <td>{{contact.email}}</td>\n                    <td>{{contact.phone}}</td>\n                    <td>\n                        <button @click=\"updateContact(contact.id)\">\n                            <img src=\"../../images/pencil.png\" width=\"20\" height=\"20\"/>\n                        </button>\n                    </td>\n                    <td>\n                        <button @click=\"deleteContact(contact.id)\">\n                            <img src=\"../../images/trash.webp\" width=\"20\" height=\"20\"/>    \n                        </button>\n                    </td>\n                </tr>\n            </tbody>\n        </table>\n        \n      </div>\n  </body>\n</template>\n\n<script>\nimport {getAPI} from '../api'\n\nexport default {\n  data () {\n    return {\n      contacts: [],\n    }\n  },\n  \n  mounted (){\n    if (this.$store.getters.authorized) {\n        this.getContacts();\n    } else {\n        this.$router.push({name: 'SignIn'})\n    }\n  },\n\n  methods: {\n    getContacts() {\n      getAPI('/api/contacts/'+this.$store.state.user_id+'/', { headers: { Authorization: `Bearer ${this.$store.state.accessToken}` } }).then(response => this.contacts = response.data)\n    },\n    createContact() {\n        this.$router.push({name: 'CreateContact'})\n    },\n    updateContact(contact_id) {\n        this.$router.push({name: 'UpdateContact', params: {id: contact_id}})\n    },\n    deleteContact(id){\n      getAPI.delete('/contacts/'+id+'/', { headers: { Authorization: `Bearer ${this.$store.state.accessToken}` } }).then(response => {\n        console.log(response)\n        this.getContacts()\n      }).catch(error => {\n          console.log(error)\n      })\n    },\n  }\n}\n\n</script>"
      ]
    },
    "_coverageSchema": "1a1c01bbd47fc00a2c39e90264f33305004495a9",
    "hash": "707fbbd16e8ba295e65bb3f33f429b04f15ca62d"
  },
  "/home/rlllok/Documents/django_vue/misha/frontend/vue_frontend/src/views/SignInView.vue": {
    "path": "/home/rlllok/Documents/django_vue/misha/frontend/vue_frontend/src/views/SignInView.vue",
    "statementMap": {
      "0": {
        "start": {
          "line": 4,
          "column": 8
        },
        "end": {
          "line": 8,
          "column": 9
        }
      },
      "1": {
        "start": {
          "line": 12,
          "column": 12
        },
        "end": {
          "line": 20,
          "column": 14
        }
      },
      "2": {
        "start": {
          "line": 16,
          "column": 16
        },
        "end": {
          "line": 16,
          "column": 49
        }
      },
      "3": {
        "start": {
          "line": 18,
          "column": 16
        },
        "end": {
          "line": 18,
          "column": 73
        }
      },
      "4": {
        "start": {
          "line": 19,
          "column": 16
        },
        "end": {
          "line": 19,
          "column": 34
        }
      }
    },
    "fnMap": {
      "0": {
        "name": "(anonymous_0)",
        "decl": {
          "start": {
            "line": 3,
            "column": 4
          },
          "end": {
            "line": 3,
            "column": 5
          }
        },
        "loc": {
          "start": {
            "line": 3,
            "column": 11
          },
          "end": {
            "line": 9,
            "column": 5
          }
        },
        "line": 3
      },
      "1": {
        "name": "(anonymous_1)",
        "decl": {
          "start": {
            "line": 11,
            "column": 8
          },
          "end": {
            "line": 11,
            "column": 9
          }
        },
        "loc": {
          "start": {
            "line": 11,
            "column": 17
          },
          "end": {
            "line": 21,
            "column": 9
          }
        },
        "line": 11
      },
      "2": {
        "name": "(anonymous_2)",
        "decl": {
          "start": {
            "line": 15,
            "column": 20
          },
          "end": {
            "line": 15,
            "column": 21
          }
        },
        "loc": {
          "start": {
            "line": 15,
            "column": 26
          },
          "end": {
            "line": 17,
            "column": 13
          }
        },
        "line": 15
      },
      "3": {
        "name": "(anonymous_3)",
        "decl": {
          "start": {
            "line": 17,
            "column": 21
          },
          "end": {
            "line": 17,
            "column": 22
          }
        },
        "loc": {
          "start": {
            "line": 17,
            "column": 30
          },
          "end": {
            "line": 20,
            "column": 13
          }
        },
        "line": 17
      }
    },
    "branchMap": {},
    "s": {
      "0": 37,
      "1": 1,
      "2": 0,
      "3": 0,
      "4": 0
    },
    "f": {
      "0": 37,
      "1": 1,
      "2": 0,
      "3": 0
    },
    "b": {},
    "inputSourceMap": {
      "version": 3,
      "sources": [
        "/home/rlllok/Documents/django_vue/misha/frontend/vue_frontend/src/views/SignInView.vue"
      ],
      "names": [],
      "mappings": ";AAgBA,CAAC,CAAC,CAAC,CAAC,CAAC,EAAE,CAAC,CAAC,CAAC,CAAC,CAAC,CAAC,EAAE;IACX,CAAC,CAAC,CAAC,CAAC,CAAC,EAAE;QACH,CAAC,CAAC,CAAC,CAAC,CAAC,EAAE;YACH,CAAC,CAAC,CAAC,CAAC,CAAC,EAAE,CAAC,CAAC;YACT,CAAC,CAAC,CAAC,CAAC,CAAC,CAAC,CAAC,CAAC,EAAE,CAAC,CAAC;YACZ,CAAC,CAAC,CAAC,CAAC,CAAC,CAAC,CAAC,CAAC,CAAC,CAAC,EAAE,CAAC,CAAC;QAClB;IACJ,CAAC;IACD,CAAC,CAAC,CAAC,CAAC,CAAC,CAAC,CAAC,EAAE;QACL,CAAC,CAAC,CAAC,CAAC,CAAC,CAAC,CAAC,EAAE;YACL,CAAC,CAAC,CAAC,CAAC,CAAC,CAAC,CAAC,CAAC,CAAC,CAAC,CAAC,CAAC,CAAC,CAAC,CAAC,CAAC,CAAC,CAAC,CAAC,CAAC,CAAC,CAAC,CAAC,CAAC,CAAC,CAAC,CAAC,CAAC,CAAC,CAAC,CAAC,CAAC,EAAE;gBAC9B,CAAC,CAAC,CAAC,CAAC,CAAC,EAAE,CAAC,CAAC,CAAC,CAAC,CAAC,CAAC,CAAC,CAAC,CAAC,CAAC;gBACjB,CAAC,CAAC,CAAC,CAAC,CAAC,CAAC,CAAC,CAAC,EAAE,CAAC,CAAC,CAAC,CAAC,CAAC,CAAC,CAAC,CAAC,CAAC,CAAC,CAAC,CAAC,CAAC;YAC3B,CAAC,CAAC,CAAC,CAAC,CAAC,CAAC,CAAC,CAAC,CAAC,EAAE,CAAC,EAAE;gBACV,CAAC,CAAC,CAAC,CAAC,CAAC,CAAC,CAAC,CAAC,CAAC,CAAC,CAAC,CAAC,CAAC,CAAC,CAAC,CAAC,CAAC,CAAC,CAAC,CAAC,CAAC,CAAC,CAAC,EAAE,CAAC,CAAC,CAAC,CAAC,CAAC,CAAC,CAAC;YACpC,CAAC,CAAC,CAAC,CAAC,CAAC,CAAC,CAAC,CAAC,CAAC,CAAC,CAAC,CAAC,CAAC,EAAE,CAAC,EAAE;gBACd,CAAC,CAAC,CAAC,CAAC,CAAC,CAAC,CAAC,CAAC,CAAC,CAAC,CAAC,CAAC,CAAC,CAAC,EAAE,EAAE,CAAC,CAAC,CAAC,CAAC,CAAC,CAAC,CAAC,CAAC,CAAC,CAAC,CAAC,CAAC,CAAC,CAAC,CAAC,CAAC,CAAC,CAAC,CAAC,CAAC,CAAC,CAAC,CAAC,CAAC,CAAC,CAAC,CAAC,CAAC,CAAC,CAAC,CAAC,CAAC,CAAC,CAAC,CAAC,CAAC,CAAC,CAAC;gBACxD,CAAC,CAAC,CAAC,CAAC,CAAC,CAAC,CAAC,CAAC,CAAC,CAAC,CAAC,CAAC,CAAC,CAAC,CAAC,CAAC,CAAC;YACrB,CAAC;QACL;IACJ;AACJ",
      "file": "/home/rlllok/Documents/django_vue/misha/frontend/vue_frontend/src/views/SignInView.vue",
      "sourceRoot": "",
      "sourcesContent": [
        "<template>\n    <body>\n        <p v-if=\"error_text\">{{error_text}}</p>\n        <form class=\"signin-form\" @submit.prevent=\"signIn\">\n            <input class=\"signin-email\" type=\"email\" placeholder=\"Email\" required v-model=\"email\"/>\n            <input class=\"signin-password\" type=\"password\" placeholder=\"Password\" required v-model=\"password\"/>\n        <div class=\"submit\">\n            <button id=\"submit_button\">Sign In</button>\n        </div>\n        </form>\n    </body>\n</template>\n\n\n\n<script>\nexport default {\n    data() {\n        return {\n            email: \"\",\n            password: \"\",\n            error_text: \"\",\n        }\n    },\n    methods: {\n        signIn() {\n            this.$store.dispatch('userLogin', {\n                email: this.email,\n                password: this.password,\n            }).then(() => {\n                this.$router.push({name: 'Home'})\n            }).catch(error => {\n                this.error_text = error.response.data.non_field_errors[0]\n                console.log(error)\n            })\n        }\n    }\n}\n</script>"
      ]
    },
    "_coverageSchema": "1a1c01bbd47fc00a2c39e90264f33305004495a9",
    "hash": "ce79cd3f943e190e765f883b3221264d5fb6d0d7"
  },
  "/home/rlllok/Documents/django_vue/misha/frontend/vue_frontend/src/views/SignUpView.vue": {
    "path": "/home/rlllok/Documents/django_vue/misha/frontend/vue_frontend/src/views/SignUpView.vue",
    "statementMap": {
      "0": {
        "start": {
          "line": 6,
          "column": 8
        },
        "end": {
          "line": 14,
          "column": 9
        }
      },
      "1": {
        "start": {
          "line": 19,
          "column": 12
        },
        "end": {
          "line": 31,
          "column": 14
        }
      },
      "2": {
        "start": {
          "line": 27,
          "column": 16
        },
        "end": {
          "line": 27,
          "column": 43
        }
      },
      "3": {
        "start": {
          "line": 29,
          "column": 16
        },
        "end": {
          "line": 29,
          "column": 49
        }
      },
      "4": {
        "start": {
          "line": 30,
          "column": 16
        },
        "end": {
          "line": 30,
          "column": 34
        }
      }
    },
    "fnMap": {
      "0": {
        "name": "(anonymous_0)",
        "decl": {
          "start": {
            "line": 5,
            "column": 4
          },
          "end": {
            "line": 5,
            "column": 5
          }
        },
        "loc": {
          "start": {
            "line": 5,
            "column": 11
          },
          "end": {
            "line": 15,
            "column": 5
          }
        },
        "line": 5
      },
      "1": {
        "name": "(anonymous_1)",
        "decl": {
          "start": {
            "line": 18,
            "column": 8
          },
          "end": {
            "line": 18,
            "column": 9
          }
        },
        "loc": {
          "start": {
            "line": 18,
            "column": 23
          },
          "end": {
            "line": 32,
            "column": 9
          }
        },
        "line": 18
      },
      "2": {
        "name": "(anonymous_2)",
        "decl": {
          "start": {
            "line": 26,
            "column": 20
          },
          "end": {
            "line": 26,
            "column": 21
          }
        },
        "loc": {
          "start": {
            "line": 26,
            "column": 32
          },
          "end": {
            "line": 28,
            "column": 13
          }
        },
        "line": 26
      },
      "3": {
        "name": "(anonymous_3)",
        "decl": {
          "start": {
            "line": 28,
            "column": 21
          },
          "end": {
            "line": 28,
            "column": 22
          }
        },
        "loc": {
          "start": {
            "line": 28,
            "column": 30
          },
          "end": {
            "line": 31,
            "column": 13
          }
        },
        "line": 28
      }
    },
    "branchMap": {},
    "s": {
      "0": 25,
      "1": 1,
      "2": 0,
      "3": 1,
      "4": 1
    },
    "f": {
      "0": 25,
      "1": 1,
      "2": 0,
      "3": 1
    },
    "b": {},
    "inputSourceMap": {
      "version": 3,
      "sources": [
        "/home/rlllok/Documents/django_vue/misha/frontend/vue_frontend/src/views/SignUpView.vue"
      ],
      "names": [],
      "mappings": ";AA8BA,CAAC,CAAC,CAAC,CAAC,CAAC,EAAE,CAAC,CAAC,CAAC,CAAC,CAAC,CAAC,CAAC,EAAE,CAAC,CAAC,CAAC,EAAE,CAAC,CAAC,CAAC,CAAC,CAAC,CAAC,CAAC;;AAE5B,CAAC,CAAC,CAAC,CAAC,CAAC,EAAE,CAAC,CAAC,CAAC,CAAC,CAAC,CAAC,EAAE;IACX,CAAC,CAAC,CAAC,CAAC,CAAC,EAAE;QACH,CAAC,CAAC,CAAC,CAAC,CAAC,EAAE;YACH,CAAC,CAAC,CAAC,CAAC,CAAC,EAAE,CAAC,CAAC;YACT,CAAC,CAAC,CAAC,CAAC,CAAC,CAAC,CAAC,CAAC,EAAE,CAAC,CAAC;YACZ,CAAC,CAAC,CAAC,CAAC,CAAC,CAAC,CAAC,CAAC,EAAE,CAAC,CAAC;YACZ,CAAC,CAAC,CAAC,CAAC,CAAC,CAAC,CAAC,CAAC,CAAC,EAAE,CAAC,CAAC;YACb,CAAC,CAAC,CAAC,CAAC,CAAC,CAAC,CAAC,CAAC,CAAC,CAAC,EAAE,CAAC,CAAC;YACd,CAAC,CAAC,CAAC,CAAC,CAAC,CAAC,EAAE,CAAC,CAAC;YACV,CAAC,CAAC,CAAC,CAAC,CAAC,CAAC,EAAE,CAAC,CAAC;QACd;IACJ,CAAC;;IAED,CAAC,CAAC,CAAC,CAAC,CAAC,CAAC,CAAC,EAAE;QACL,CAAC,CAAC,CAAC,CAAC,CAAC,CAAC,CAAC,CAAC,CAAC,CAAC,CAAC,CAAC,CAAC,EAAE;YACX,CAAC,CAAC,CAAC,CAAC,CAAC,CAAC,CAAC,CAAC,CAAC,CAAC,CAAC,CAAC,CAAC,CAAC,CAAC,CAAC,CAAC,CAAC,CAAC,CAAC,CAAC,CAAC,CAAC,CAAC,CAAC,CAAC,EAAE;gBACxB,CAAC,CAAC,CAAC,CAAC,CAAC,EAAE,CAAC,CAAC,CAAC,CAAC,CAAC,CAAC,CAAC,CAAC,CAAC,CAAC;gBACjB,CAAC,CAAC,CAAC,CAAC,CAAC,CAAC,CAAC,CAAC,EAAE,CAAC,CAAC,CAAC,CAAC,CAAC,CAAC,CAAC,CAAC,CAAC,CAAC,CAAC,CAAC,CAAC;gBACvB,CAAC,CAAC,CAAC,CAAC,CAAC,CAAC,CAAC,CAAC,EAAE,CAAC,CAAC,CAAC,CAAC,CAAC,CAAC,CAAC,CAAC,CAAC,CAAC,CAAC,CAAC,CAAC;gBACvB,CAAC,CAAC,CAAC,CAAC,CAAC,CAAC,CAAC,CAAC,CAAC,EAAE,CAAC,CAAC,CAAC,CAAC,CAAC,CAAC,CAAC,CAAC,CAAC,CAAC,CAAC,CAAC,CAAC,CAAC;gBACzB,CAAC,CAAC,CAAC,CAAC,CAAC,CAAC,CAAC,CAAC,CAAC,CAAC,EAAE,CAAC,CAAC,CAAC,CAAC,CAAC,CAAC,CAAC,CAAC,CAAC,CAAC,CAAC,CAAC,CAAC,CAAC,CAAC;gBAC3B,CAAC,CAAC,CAAC,CAAC,CAAC,CAAC,EAAE,CAAC,CAAC,CAAC,CAAC,CAAC,CAAC,CAAC,CAAC,CAAC,CAAC,CAAC;YACvB,CAAC,CAAC,CAAC,CAAC,CAAC,CAAC,CAAC,CAAC,CAAC,CAAC,CAAC,CAAC,CAAC,CAAC,CAAC,EAAE,CAAC,EAAE;gBAChB,CAAC,CAAC,CAAC,CAAC,CAAC,CAAC,CAAC,CAAC,CAAC,CAAC,CAAC,CAAC,CAAC,CAAC,CAAC,CAAC,CAAC,CAAC,CAAC,CAAC,CAAC,CAAC,CAAC,CAAC,CAAC,CAAC;YAC9B,CAAC,CAAC,CAAC,CAAC,CAAC,CAAC,CAAC,CAAC,CAAC,CAAC,CAAC,CAAC,CAAC,EAAE,CAAC,EAAE;gBACd,CAAC,CAAC,CAAC,CAAC,CAAC,CAAC,CAAC,CAAC,CAAC,CAAC,EAAE,EAAE,CAAC,CAAC,CAAC,CAAC,CAAC,CAAC,CAAC,CAAC,CAAC,CAAC,CAAC,CAAC,CAAC,CAAC,CAAC,CAAC,CAAC,CAAC;gBAChC,CAAC,CAAC,CAAC,CAAC,CAAC,CAAC,CAAC,CAAC,CAAC,CAAC,CAAC,CAAC,CAAC,CAAC,CAAC,CAAC,CAAC;YACrB,CAAC;QACL;IACJ;AACJ",
      "file": "/home/rlllok/Documents/django_vue/misha/frontend/vue_frontend/src/views/SignUpView.vue",
      "sourceRoot": "",
      "sourcesContent": [
        "<template>\n    <body>\n        <form class=\"signup-form\" @submit.prevent=\"handleSubmit\">\n            <p v-if=\"errors\" id=\"err_bar\">\n                <ul>\n                    <li v-for=\"(val, index) in errors\" :key=\"val.id\">\n                        {{index}}: {{ val[0] }} \n                    </li>\n                </ul>\n            </p>\n            <input class=\"signup-email\" type=\"email\" placeholder=\"Email\" required v-model=\"email\" style=\"margin-right: .5em\"/>\n            <input class=\"signup-username\" type=\"username\" placeholder=\"Username\" required v-model=\"username\" style=\"margin-right: .5em\"/>\n            <input class=\"signup-password\" type=\"password\" placeholder=\"Password\" required v-model=\"password\" style=\"margin-right: .5em\"/>\n            <input class=\"signup-fullname\" type=\"fullname\" placeholder=\"Full Name\" required v-model=\"full_name\" style=\"margin-right: .5em\"/>\n            <input class=\"signup-date\" type=\"date\" placeholder=\"Birth Date\" required v-model=\"birth_date\" style=\"margin-right: .5em\"/>\n            <select class=\"signup-select\" required v-model=\"gender\">\n                <option disabled value=\"\">Please select gender</option>\n                <option value=\"M\">Male</option>\n                <option value=\"F\">Female</option>\n                <option value=\"H\">Boeing AH-64 Apache</option>\n            </select>\n            <div class=\"submit\">\n                <button id=\"submit_button\" label=\"Create Account\" style=\"margin-top: .5em\">Sign Up</button>\n            </div>\n        </form>\n    </body>\n</template>\n\n\n<script>\nimport {getAPI} from '../api'\n\nexport default {\n    data() {\n        return {\n            email: \"\",\n            username: \"\",\n            password: \"\",\n            full_name: \"\",\n            birth_date: \"\",\n            gender: \"\",\n            errors: {},\n        }\n    },\n\n    methods: {\n        handleSubmit() {\n            getAPI.post('/api/signup/', {\n                email: this.email,\n                username: this.username,\n                password: this.password,\n                full_name: this.full_name,\n                birth_date: this.birth_date,\n                gender: this.gender,\n            }).then(response => {\n                console.log(response.data);\n            }).catch(error => {\n                this.errors = error.response.data\n                console.log(error)\n            })\n        }\n    }\n}\n</script>\n\n\n<style scoped>\n\n</style>"
      ]
    },
    "_coverageSchema": "1a1c01bbd47fc00a2c39e90264f33305004495a9",
    "hash": "f63282e75a37b256cd5c7cdc9745e468e06544e3"
  },
  "/home/rlllok/Documents/django_vue/misha/frontend/vue_frontend/src/views/CreateContactView.vue": {
    "path": "/home/rlllok/Documents/django_vue/misha/frontend/vue_frontend/src/views/CreateContactView.vue",
    "statementMap": {
      "0": {
        "start": {
          "line": 6,
          "column": 4
        },
        "end": {
          "line": 11,
          "column": 5
        }
      },
      "1": {
        "start": {
          "line": 15,
          "column": 8
        },
        "end": {
          "line": 26,
          "column": 10
        }
      },
      "2": {
        "start": {
          "line": 22,
          "column": 12
        },
        "end": {
          "line": 22,
          "column": 34
        }
      },
      "3": {
        "start": {
          "line": 23,
          "column": 12
        },
        "end": {
          "line": 23,
          "column": 45
        }
      },
      "4": {
        "start": {
          "line": 25,
          "column": 12
        },
        "end": {
          "line": 25,
          "column": 30
        }
      }
    },
    "fnMap": {
      "0": {
        "name": "(anonymous_0)",
        "decl": {
          "start": {
            "line": 5,
            "column": 2
          },
          "end": {
            "line": 5,
            "column": 3
          }
        },
        "loc": {
          "start": {
            "line": 5,
            "column": 10
          },
          "end": {
            "line": 12,
            "column": 3
          }
        },
        "line": 5
      },
      "1": {
        "name": "(anonymous_1)",
        "decl": {
          "start": {
            "line": 14,
            "column": 4
          },
          "end": {
            "line": 14,
            "column": 5
          }
        },
        "loc": {
          "start": {
            "line": 14,
            "column": 20
          },
          "end": {
            "line": 27,
            "column": 5
          }
        },
        "line": 14
      },
      "2": {
        "name": "(anonymous_2)",
        "decl": {
          "start": {
            "line": 21,
            "column": 15
          },
          "end": {
            "line": 21,
            "column": 16
          }
        },
        "loc": {
          "start": {
            "line": 21,
            "column": 27
          },
          "end": {
            "line": 24,
            "column": 9
          }
        },
        "line": 21
      },
      "3": {
        "name": "(anonymous_3)",
        "decl": {
          "start": {
            "line": 24,
            "column": 17
          },
          "end": {
            "line": 24,
            "column": 18
          }
        },
        "loc": {
          "start": {
            "line": 24,
            "column": 26
          },
          "end": {
            "line": 26,
            "column": 9
          }
        },
        "line": 24
      }
    },
    "branchMap": {},
    "s": {
      "0": 19,
      "1": 1,
      "2": 0,
      "3": 0,
      "4": 1
    },
    "f": {
      "0": 19,
      "1": 1,
      "2": 0,
      "3": 1
    },
    "b": {},
    "inputSourceMap": {
      "version": 3,
      "sources": [
        "/home/rlllok/Documents/django_vue/misha/frontend/vue_frontend/src/views/CreateContactView.vue"
      ],
      "names": [],
      "mappings": ";AAiBA,CAAC,CAAC,CAAC,CAAC,CAAC,EAAE,CAAC,CAAC,CAAC,CAAC,CAAC,CAAC,CAAC,EAAE,CAAC,CAAC,CAAC,EAAE,CAAC,CAAC,CAAC,CAAC,CAAC,CAAC,CAAC;;AAE5B,CAAC,CAAC,CAAC,CAAC,CAAC,EAAE,CAAC,CAAC,CAAC,CAAC,CAAC,CAAC,EAAE;EACb,CAAC,CAAC,CAAC,EAAE,CAAC,EAAE;IACN,CAAC,CAAC,CAAC,CAAC,CAAC,EAAE;MACL,CAAC,CAAC,CAAC,CAAC,CAAC,CAAC,CAAC,CAAC,CAAC,EAAE,CAAC,CAAC;MACb,CAAC,CAAC,CAAC,CAAC,CAAC,EAAE,CAAC,CAAC,CAAC,CAAC;MACX,CAAC,CAAC,CAAC,CAAC,CAAC,EAAE,CAAC,CAAC;MACT,CAAC,CAAC,CAAC,CAAC,EAAE,CAAC,CAAC;IACV;EACF,CAAC;EACD,CAAC,CAAC,CAAC,CAAC,CAAC,CAAC,CAAC,EAAE;IACP,CAAC,CAAC,CAAC,CAAC,CAAC,CAAC,CAAC,CAAC,CAAC,CAAC,CAAC,CAAC,CAAC,CAAC,EAAE;QACZ,CAAC,CAAC,CAAC,CAAC,CAAC,CAAC,CAAC,CAAC,CAAC,CAAC,CAAC,CAAC,CAAC,CAAC,CAAC,CAAC,CAAC,CAAC,CAAC,CAAC,CAAC,CAAC,CAAC,CAAC,EAAE;YACtB,CAAC,CAAC,CAAC,CAAC,CAAC,CAAC,CAAC,CAAC,CAAC,EAAE,CAAC,CAAC,CAAC,CAAC,CAAC,CAAC,CAAC,CAAC,CAAC,CAAC,CAAC,CAAC,CAAC,CAAC;YACzB,CAAC,CAAC,CAAC,CAAC,CAAC,EAAE,CAAC,CAAC,CAAC,CAAC,CAAC,CAAC,CAAC,CAAC,CAAC,CAAC;YACjB,CAAC,CAAC,CAAC,CAAC,CAAC,EAAE,CAAC,CAAC,CAAC,CAAC,CAAC,CAAC,CAAC,CAAC,CAAC,CAAC;YACjB,CAAC,CAAC,CAAC,CAAC,EAAE,CAAC,CAAC,CAAC,CAAC,CAAC,CAAC,CAAC,CAAC,CAAC,CAAC,CAAC,CAAC,CAAC,CAAC,CAAC;QACzB,CAAC,CAAC,EAAE,CAAC,CAAC,CAAC,CAAC,CAAC,CAAC,CAAC,EAAE,EAAE,CAAC,CAAC,CAAC,CAAC,CAAC,CAAC,CAAC,CAAC,CAAC,CAAC,CAAC,CAAC,CAAC,EAAE,CAAC,CAAC,CAAC,CAAC,CAAC,CAAC,EAAE,CAAC,CAAC,CAAC,CAAC,CAAC,CAAC,CAAC,CAAC,CAAC,CAAC,CAAC,CAAC,CAAC,CAAC,CAAC,CAAC,CAAC,CAAC,CAAC,CAAC,CAAC,CAAC,CAAC,CAAC,CAAC,CAAC,CAAC,CAAC,CAAC,CAAC,CAAC,CAAC,EAAE,EAAE;QAC1E,CAAC,CAAC,CAAC,CAAC,CAAC,CAAC,CAAC,CAAC,CAAC,CAAC,CAAC,CAAC,CAAC,CAAC,EAAE,CAAC,EAAE;YACf,CAAC,CAAC,CAAC,CAAC,CAAC,CAAC,CAAC,CAAC,CAAC,CAAC,CAAC,CAAC,CAAC,CAAC,CAAC,CAAC,CAAC,CAAC,CAAC,CAAC,CAAC;YACrB,CAAC,CAAC,CAAC,CAAC,CAAC,CAAC,CAAC,CAAC,CAAC,CAAC,CAAC,CAAC,CAAC,CAAC,CAAC,CAAC,CAAC,CAAC,CAAC,CAAC,CAAC,CAAC,CAAC,EAAE,CAAC,CAAC,CAAC,CAAC,CAAC,CAAC,CAAC;QACpC,CAAC,CAAC,CAAC,CAAC,CAAC,CAAC,CAAC,CAAC,CAAC,CAAC,CAAC,CAAC,CAAC,EAAE,CAAC,EAAE;YACd,CAAC,CAAC,CAAC,CAAC,CAAC,CAAC,CAAC,CAAC,CAAC,CAAC,CAAC,CAAC,CAAC,CAAC,CAAC,CAAC,CAAC;QACrB,CAAC;IACL;EACF;AACF",
      "file": "/home/rlllok/Documents/django_vue/misha/frontend/vue_frontend/src/views/CreateContactView.vue",
      "sourceRoot": "",
      "sourcesContent": [
        "<template>\n    <body>\n        <h1>Create Contact</h1>\n        <form class=\"create-form\" @submit.prevent=\"createContact\">\n            <input class=\"create-fullname\" type=\"fullname\" placeholder=\"Name\" required v-model=\"full_name\" style=\"margin-right: .5em\"/>\n            <input class=\"create-number\" type=\"number\" placeholder=\"Phone\"  v-model=\"phone\" style=\"margin-right: .5em\"/>\n            <input class=\"create-email\" type=\"email\" placeholder=\"Email\" v-model=\"email\" style=\"margin-right: .5em\"/>\n            <input class=\"create-info\" type=\"text\" placeholder=\"Info\" v-model=\"info\" style=\"margin-right: .5em\"/>\n            <div class=\"submit\">\n                <button style=\"margin-top: .5em\">Create Contact</button>\n            </div>\n        </form>\n    </body>\n</template>\n\n\n<script>\nimport {getAPI} from '../api'\n\nexport default {\n  data () {\n    return {\n      full_name: \"\",\n      phone: null,\n      email: \"\",\n      info: \"\",\n    }\n  },\n  methods: {\n    createContact() {\n        getAPI.post('/contacts/', {\n            full_name: this.full_name,\n            phone: this.phone,\n            email: this.email,\n            info: this.postinfo_id\n        },{ headers: { Authorization: `Bearer ${this.$store.state.accessToken}` } }\n        ).then(response => {\n            console.log(response);\n            this.$router.push({name: 'Home'})\n        }).catch(error => {\n            console.log(error)\n        })\n    }\n  }\n}\n</script>\n\n<!-- <style>\ninput {\n  width: 100%;\n  padding: 12px 20px;\n  margin: 8px 0;\n  display: inline-block;\n  border: 1px solid #ccc;\n  border-radius: 4px;\n  box-sizing: border-box;\n}\n\ninput[type=submit] {\n  width: 100%;\n  background-color: #4CAF50;\n  color: white;\n  padding: 14px 20px;\n  margin: 8px 0;\n  border: none;\n  border-radius: 4px;\n  cursor: pointer;\n}\n\ninput[type=submit]:hover {\n  background-color: #45a049;\n}\n\ndiv {\n  border-radius: 5px;\n  background-color: #f2f2f2;\n  padding: 20px;\n}\n\nbutton {\n  background-color: #4CAF50; /* Green */\n  border: none;\n  color: white;\n  padding: 20px;\n  text-align: center;\n  text-decoration: none;\n  display: inline-block;\n  font-size: 16px;\n  margin: 4px 2px;\n  cursor: pointer;\n  border-radius: 12px;\n}\n</style> -->\n"
      ]
    },
    "_coverageSchema": "1a1c01bbd47fc00a2c39e90264f33305004495a9",
    "hash": "d483ce965c2e4b65f8314cffb9b93e4ebecde31c"
  },
  "/home/rlllok/Documents/django_vue/misha/frontend/vue_frontend/src/views/UpdateContactView.vue": {
    "path": "/home/rlllok/Documents/django_vue/misha/frontend/vue_frontend/src/views/UpdateContactView.vue",
    "statementMap": {
      "0": {
        "start": {
          "line": 6,
          "column": 8
        },
        "end": {
          "line": 11,
          "column": 9
        }
      },
      "1": {
        "start": {
          "line": 15,
          "column": 12
        },
        "end": {
          "line": 15,
          "column": 27
        }
      }
    },
    "fnMap": {
      "0": {
        "name": "(anonymous_0)",
        "decl": {
          "start": {
            "line": 5,
            "column": 4
          },
          "end": {
            "line": 5,
            "column": 5
          }
        },
        "loc": {
          "start": {
            "line": 5,
            "column": 12
          },
          "end": {
            "line": 12,
            "column": 5
          }
        },
        "line": 5
      },
      "1": {
        "name": "(anonymous_1)",
        "decl": {
          "start": {
            "line": 13,
            "column": 4
          },
          "end": {
            "line": 13,
            "column": 5
          }
        },
        "loc": {
          "start": {
            "line": 13,
            "column": 14
          },
          "end": {
            "line": 19,
            "column": 5
          }
        },
        "line": 13
      },
      "2": {
        "name": "(anonymous_2)",
        "decl": {
          "start": {
            "line": 21,
            "column": 8
          },
          "end": {
            "line": 21,
            "column": 9
          }
        },
        "loc": {
          "start": {
            "line": 21,
            "column": 18
          },
          "end": {
            "line": 28,
            "column": 9
          }
        },
        "line": 21
      },
      "3": {
        "name": "(anonymous_3)",
        "decl": {
          "start": {
            "line": 29,
            "column": 8
          },
          "end": {
            "line": 29,
            "column": 9
          }
        },
        "loc": {
          "start": {
            "line": 29,
            "column": 24
          },
          "end": {
            "line": 40,
            "column": 9
          }
        },
        "line": 29
      }
    },
    "branchMap": {},
    "s": {
      "0": 19,
      "1": 19
    },
    "f": {
      "0": 19,
      "1": 19,
      "2": 19,
      "3": 1
    },
    "b": {},
    "inputSourceMap": {
      "version": 3,
      "sources": [
        "/home/rlllok/Documents/django_vue/misha/frontend/vue_frontend/src/views/UpdateContactView.vue"
      ],
      "names": [],
      "mappings": ";AAiBA,CAAC,EAAE,CAAC,CAAC,CAAC,CAAC,CAAC,EAAE,CAAC,CAAC,CAAC,CAAC,CAAC,CAAC,CAAC,EAAE,CAAC,CAAC,CAAC,EAAE,CAAC,CAAC,CAAC,CAAC,CAAC,CAAC,CAAC;;AAE/B,CAAC,CAAC,CAAC,CAAC,CAAC,EAAE,CAAC,CAAC,CAAC,CAAC,CAAC,CAAC,EAAE;IACX,CAAC,CAAC,CAAC,EAAE,CAAC,EAAE;QACJ,CAAC,CAAC,CAAC,CAAC,CAAC,EAAE;YACH,CAAC,CAAC,CAAC,CAAC,CAAC,CAAC,CAAC,CAAC,CAAC,EAAE,CAAC,CAAC;YACb,CAAC,CAAC,CAAC,CAAC,CAAC,EAAE,CAAC;YACR,CAAC,CAAC,CAAC,CAAC,CAAC,EAAE,CAAC,CAAC;YACT,CAAC,CAAC,CAAC,CAAC,EAAE,CAAC,CAAC;QACZ;IACJ,CAAC;IACD,CAAC,CAAC,CAAC,CAAC,CAAC,CAAC,EAAE,CAAC,CAAC;QACN,CAAC,EAAE,CAAC,EAAE,CAAC,CAAC,CAAC,CAAC,CAAC,CAAC,CAAC,CAAC,CAAC,CAAC,CAAC,CAAC,CAAC,CAAC,CAAC,CAAC,CAAC,CAAC,CAAC,CAAC,CAAC,CAAC,CAAC,CAAC,CAAC,CAAC,CAAC,CAAC,CAAC,CAAC,CAAC,EAAE,EAAE,CAAC,CAAC,CAAC,CAAC,CAAC,CAAC,CAAC,EAAE,EAAE,CAAC,EAAE,CAAC,CAAC,CAAC,CAAC,CAAC,CAAC,CAAC,CAAC,CAAC,CAAC,CAAC,CAAC,CAAC,CAAC,CAAC,CAAC,CAAC,CAAC,CAAC,CAAC,CAAC,CAAC,CAAC,CAAC,CAAC,CAAC,CAAC,CAAC,CAAC,CAAC,CAAC,EAAE,CAAC,CAAC,CAAC,EAAE,CAAC,CAAC,CAAC,CAAC,EAAE,CAAC,CAAC,CAAC,CAAC,EAAE;YACrG,CAAC,CAAC,CAAC,CAAC,CAAC,CAAC,CAAC,CAAC,CAAC,CAAC,CAAC,CAAC,CAAC,CAAC;QAClB,CAAC,EAAE,EAAE,CAAC,CAAC,CAAC,EAAE;QACV,CAAC,MAAM,CAAC,CAAC,CAAC,CAAC,CAAC,CAAC,CAAC,CAAC,CAAC,CAAC,CAAC,CAAC,CAAC,CAAC,CAAC,CAAC,CAAC,CAAC,CAAC,CAAC,CAAC,CAAC,CAAC,EAAE,CAAC,CAAC,CAAC,CAAC,CAAC,CAAC,CAAC,CAAC,CAAC;QACzC,CAAC,EAAE;IACP,CAAC;IACD,CAAC,CAAC,CAAC,CAAC,CAAC,CAAC,CAAC,EAAE;QACL,CAAC,CAAC,CAAC,CAAC,CAAC,CAAC,CAAC,CAAC,EAAE,EAAE,CAAC,CAAC,CAAC,CAAC,CAAC,CAAC,CAAC,CAAC,CAAC,CAAC,CAAC,CAAC,EAAE,CAAC,CAAC,CAAC,EAAE,CAAC,CAAC,CAAC;YAC9B,CAAC,EAAE,CAAC,CAAC,CAAC,CAAC,CAAC,CAAC,CAAC,CAAC,CAAC,CAAC,CAAC,CAAC,CAAC,CAAC,CAAC,CAAC,CAAC,CAAC,CAAC,CAAC,CAAC,CAAC,CAAC,CAAC,CAAC,CAAC,CAAC,CAAC,CAAC,CAAC,CAAC,CAAC,CAAC,CAAC,CAAC,CAAC,CAAC,CAAC,CAAC,CAAC,CAAC,CAAC,CAAC,CAAC,CAAC,EAAE,EAAE,CAAC,CAAC,CAAC,CAAC,CAAC,CAAC,CAAC,EAAE,EAAE,CAAC,CAAC,CAAC,CAAC,CAAC,CAAC,CAAC,CAAC,CAAC,CAAC,CAAC,CAAC,CAAC,EAAE,CAAC,CAAC,CAAC,CAAC,CAAC,CAAC,EAAE,CAAC,CAAC,CAAC,CAAC,CAAC,CAAC,CAAC,CAAC,CAAC,CAAC,CAAC,CAAC,CAAC,CAAC,CAAC,CAAC,CAAC,CAAC,CAAC,CAAC,CAAC,CAAC,CAAC,CAAC,CAAC,CAAC,CAAC,CAAC,CAAC,CAAC,CAAC,CAAC,EAAE,EAAE,CAAC,CAAC,CAAC,CAAC,CAAC,CAAC,CAAC,CAAC,CAAC,CAAC,CAAC,CAAC,CAAC,CAAC,CAAC,EAAE,CAAC,EAAE;YAC9I,CAAC,MAAM,CAAC,CAAC,CAAC,CAAC,CAAC,CAAC,CAAC,CAAC,CAAC,CAAC,CAAC,CAAC,CAAC,EAAE,EAAE,CAAC,CAAC,CAAC,CAAC,CAAC,CAAC,CAAC,CAAC,CAAC,CAAC,CAAC,CAAC,CAAC,CAAC,CAAC,CAAC,CAAC,CAAC,CAAC,CAAC,CAAC,CAAC;YAC9C,CAAC,MAAM,CAAC,CAAC,CAAC,CAAC,CAAC,CAAC,CAAC,CAAC,CAAC,EAAE,EAAE,CAAC,CAAC,CAAC,CAAC,CAAC,CAAC,CAAC,CAAC,CAAC,CAAC,CAAC,CAAC,CAAC,CAAC,CAAC,CAAC,CAAC,CAAC;YACtC,CAAC,MAAM,CAAC,CAAC,CAAC,CAAC,CAAC,CAAC,CAAC,CAAC,CAAC,EAAE,EAAE,CAAC,CAAC,CAAC,CAAC,CAAC,CAAC,CAAC,CAAC,CAAC,CAAC,CAAC,CAAC,CAAC,CAAC,CAAC,CAAC,CAAC,CAAC;YACtC,CAAC,MAAM,CAAC,CAAC,CAAC,CAAC,CAAC,CAAC,CAAC,CAAC,EAAE,EAAE,CAAC,CAAC,CAAC,CAAC,CAAC,CAAC,CAAC,CAAC,CAAC,CAAC,CAAC,CAAC,CAAC,CAAC,CAAC,CAAC,CAAC;YACpC,CAAC,EAAE,CAAC,CAAC,CAAC;QACV,CAAC;QACD,CAAC,CAAC,CAAC,CAAC,CAAC,CAAC,CAAC,CAAC,CAAC,CAAC,CAAC,CAAC,CAAC,CAAC,EAAE;YACZ,CAAC,EAAE,CAAC,CAAC,CAAC,CAAC,CAAC,CAAC,CAAC,CAAC,CAAC,CAAC,CAAC,CAAC,CAAC,CAAC,CAAC,CAAC,CAAC,CAAC,CAAC,CAAC,CAAC,CAAC,CAAC,CAAC,CAAC,CAAC,CAAC,CAAC,CAAC,CAAC,CAAC,CAAC,CAAC,CAAC,CAAC,CAAC,CAAC,CAAC,CAAC,CAAC,CAAC,CAAC,CAAC,CAAC,CAAC,CAAC,CAAC,CAAC,CAAC,EAAE;YACtD,CAAC,MAAM,CAAC,CAAC,CAAC,CAAC,CAAC,CAAC,CAAC,CAAC,CAAC,EAAE,CAAC,CAAC,CAAC,CAAC,CAAC,CAAC,CAAC,CAAC,CAAC,CAAC,CAAC,CAAC,CAAC,CAAC;YAChC,CAAC,MAAM,CAAC,CAAC,CAAC,CAAC,CAAC,EAAE,CAAC,CAAC,CAAC,CAAC,CAAC,CAAC,CAAC,CAAC,CAAC,CAAC;YACxB,CAAC,MAAM,CAAC,CAAC,CAAC,CAAC,CAAC,EAAE,CAAC,CAAC,CAAC,CAAC,CAAC,CAAC,CAAC,CAAC,CAAC,CAAC;YACxB,CAAC,MAAM,CAAC,CAAC,CAAC,CAAC,EAAE,CAAC,CAAC,CAAC,CAAC,CAAC,CAAC,CAAC,CAAC,CAAC,CAAC,CAAC,CAAC,CAAC,CAAC,CAAC;YAC5B,CAAC,EAAE,CAAC,EAAE,EAAE,CAAC,CAAC,CAAC,CAAC,CAAC,CAAC,CAAC,EAAE,EAAE,CAAC,CAAC,CAAC,CAAC,CAAC,CAAC,CAAC,CAAC,CAAC,CAAC,CAAC,CAAC,CAAC,EAAE,CAAC,CAAC,CAAC,CAAC,CAAC,CAAC,EAAE,CAAC,CAAC,CAAC,CAAC,CAAC,CAAC,CAAC,CAAC,CAAC,CAAC,CAAC,CAAC,CAAC,CAAC,CAAC,CAAC,CAAC,CAAC,CAAC,CAAC,CAAC,CAAC,CAAC,CAAC,CAAC,CAAC,CAAC,CAAC,CAAC,CAAC,CAAC,CAAC,EAAE,EAAE,CAAC,CAAC,CAAC,CAAC,CAAC,CAAC,CAAC,CAAC,CAAC,CAAC,CAAC,CAAC,CAAC,CAAC,CAAC,EAAE,CAAC,EAAE;YAClG,CAAC,MAAM,CAAC,CAAC,CAAC,CAAC,CAAC,CAAC,CAAC,CAAC,CAAC,CAAC,CAAC,CAAC,CAAC,CAAC,CAAC,CAAC,CAAC,CAAC,CAAC,CAAC,CAAC;YAC5B,CAAC,EAAE,CAAC,CAAC,CAAC,CAAC,CAAC,CAAC,CAAC,CAAC,CAAC,CAAC,CAAC,CAAC,CAAC,EAAE,CAAC,EAAE;YACrB,CAAC,MAAM,CAAC,CAAC,CAAC,CAAC,CAAC,CAAC,CAAC,CAAC,CAAC,CAAC,CAAC,CAAC,CAAC,CAAC,CAAC,CAAC,CAAC;YACxB,CAAC,EAAE,CAAC;QACR;IACJ;AACJ",
      "file": "/home/rlllok/Documents/django_vue/misha/frontend/vue_frontend/src/views/UpdateContactView.vue",
      "sourceRoot": "",
      "sourcesContent": [
        "<template>\n    <body>\n        <h1>Update Contact</h1>\n        <form class=\"update-form\" @submit.prevent=\"updateContact\">\n            <input class=\"update-fullname\" type=\"fullname\" placeholder=\"Name\" required v-model=\"full_name\" style=\"margin-right: .5em\"/>\n            <input class=\"update-number\" type=\"number\" placeholder=\"Phone\" v-model=\"phone\" style=\"margin-right: .5em\"/>\n            <input class=\"update-email\" type=\"email\" placeholder=\"Email\" v-model=\"email\" style=\"margin-right: .5em\"/>\n            <input class=\"update-info\" type=\"text\" placeholder=\"Info\" v-model=\"info\" style=\"margin-right: .5em\"/>\n            <div class=\"submit\">\n                <button id=\"submit_button\" style=\"margin-top: .5em\">Update Contact</button>\n            </div>\n        </form>\n    </body>\n</template>\n\n\n<script>\n// import {getAPI} from '../api'\n\nexport default {\n    data () {\n        return {\n            full_name: \"\",\n            phone: 0,\n            email: \"\",\n            info: \"\",\n        }\n    },\n    mounted (){\n        // if (this.$store.getters.authorized) { //ubraty z if \"this.$store.getters.authorized\" dlya jest, vyebi 1\n            this.getData();\n        // } else {\n        //     this.$router.push({name: 'SignIn'})\n        // }\n    },\n    methods: {\n        getData() { //zakomentity dlya jest\n            // getAPI('/contacts/'+this.$route.params.id+'/', { headers: { Authorization: `Bearer ${this.$store.state.accessToken}` } }).then(response => {\n            //     this.full_name = response.data.full_name\n            //     this.phone = response.data.phone\n            //     this.email = response.data.email\n            //     this.info = response.data.info\n            // })//\n        },\n        updateContact() {\n            // getAPI.put('/contacts/'+this.$route.params.id+'/', {\n            //     full_name: this.full_name,\n            //     phone: this.phone,\n            //     email: this.email,\n            //     info: this.postinfo_id\n            // }, { headers: { Authorization: `Bearer ${this.$store.state.accessToken}` } }).then(response => {\n            //     console.log(response);\n            // }).catch(error => {\n            //     console.log(error)\n            // })\n        }\n    }\n}\n</script>\n"
      ]
    },
    "_coverageSchema": "1a1c01bbd47fc00a2c39e90264f33305004495a9",
    "hash": "ecf644d9501b74e9f442ffed2ce42fd64f9e1091"
  },
  "/home/rlllok/Documents/django_vue/misha/frontend/vue_frontend/src/views/ProfileView.vue": {
    "path": "/home/rlllok/Documents/django_vue/misha/frontend/vue_frontend/src/views/ProfileView.vue",
    "statementMap": {
      "0": {
        "start": {
          "line": 6,
          "column": 4
        },
        "end": {
          "line": 8,
          "column": 5
        }
      },
      "1": {
        "start": {
          "line": 12,
          "column": 4
        },
        "end": {
          "line": 12,
          "column": 23
        }
      }
    },
    "fnMap": {
      "0": {
        "name": "(anonymous_0)",
        "decl": {
          "start": {
            "line": 5,
            "column": 2
          },
          "end": {
            "line": 5,
            "column": 3
          }
        },
        "loc": {
          "start": {
            "line": 5,
            "column": 10
          },
          "end": {
            "line": 9,
            "column": 3
          }
        },
        "line": 5
      },
      "1": {
        "name": "(anonymous_1)",
        "decl": {
          "start": {
            "line": 11,
            "column": 2
          },
          "end": {
            "line": 11,
            "column": 3
          }
        },
        "loc": {
          "start": {
            "line": 11,
            "column": 12
          },
          "end": {
            "line": 13,
            "column": 3
          }
        },
        "line": 11
      },
      "2": {
        "name": "(anonymous_2)",
        "decl": {
          "start": {
            "line": 16,
            "column": 4
          },
          "end": {
            "line": 16,
            "column": 5
          }
        },
        "loc": {
          "start": {
            "line": 16,
            "column": 19
          },
          "end": {
            "line": 20,
            "column": 5
          }
        },
        "line": 16
      }
    },
    "branchMap": {},
    "s": {
      "0": 18,
      "1": 18
    },
    "f": {
      "0": 18,
      "1": 18,
      "2": 18
    },
    "b": {},
    "inputSourceMap": {
      "version": 3,
      "sources": [
        "/home/rlllok/Documents/django_vue/misha/frontend/vue_frontend/src/views/ProfileView.vue"
      ],
      "names": [],
      "mappings": ";AA6BA,CAAC,EAAE,CAAC,CAAC,CAAC,CAAC,CAAC,EAAE,CAAC,CAAC,CAAC,CAAC,CAAC,CAAC,CAAC,EAAE,CAAC,CAAC,CAAC,EAAE,CAAC,CAAC,CAAC,CAAC,CAAC,CAAC,CAAC;;AAE/B,CAAC,CAAC,CAAC,CAAC,CAAC,EAAE,CAAC,CAAC,CAAC,CAAC,CAAC,CAAC,EAAE;EACb,CAAC,CAAC,CAAC,EAAE,CAAC,EAAE;IACN,CAAC,CAAC,CAAC,CAAC,CAAC,EAAE;MACL,CAAC,CAAC,CAAC,CAAC,CAAC,CAAC,CAAC,CAAC,CAAC,EAAE,CAAC,CAAC;IACf;EACF,CAAC;;EAED,CAAC,CAAC,CAAC,CAAC,CAAC,CAAC,EAAE,CAAC,CAAC;IACR,CAAC,CAAC,CAAC,CAAC,CAAC,CAAC,CAAC,CAAC,CAAC,CAAC,CAAC,CAAC,CAAC,CAAC,CAAC,CAAC,CAAC,CAAC;EACpB,CAAC;;EAED,CAAC,CAAC,CAAC,CAAC,CAAC,CAAC,CAAC,EAAE;IACP,CAAC,CAAC,CAAC,CAAC,CAAC,CAAC,CAAC,CAAC,CAAC,CAAC,EAAE,CAAC,EAAE;MACb,CAAC,IAAI,CAAC,CAAC,CAAC,CAAC,CAAC,CAAC,CAAC,CAAC,CAAC,CAAC,CAAC,CAAC,CAAC,CAAC,CAAC,CAAC,CAAC,CAAC,CAAC;MACxB,CAAC,IAAI,EAAE,CAAC,CAAC,CAAC,CAAC,CAAC,CAAC,CAAC,EAAE,EAAE,CAAC,CAAC,CAAC,CAAC,CAAC,CAAC,CAAC,CAAC,CAAC,CAAC,CAAC,CAAC,CAAC,EAAE,CAAC,CAAC,CAAC,CAAC,CAAC,CAAC,EAAE,CAAC,CAAC,CAAC,CAAC,CAAC,CAAC,CAAC,CAAC,CAAC,CAAC,CAAC,CAAC,CAAC,CAAC,CAAC,CAAC,CAAC,CAAC,CAAC,CAAC,CAAC,CAAC,CAAC,CAAC,CAAC,CAAC,CAAC,CAAC,CAAC,CAAC,CAAC,CAAC,EAAE,EAAE,CAAC;MAC9E,CAAC,EAAE,CAAC,CAAC,CAAC,CAAC,CAAC,CAAC,CAAC,CAAC,CAAC,CAAC,CAAC,CAAC,CAAC,EAAE,CAAC,EAAE,CAAC,CAAC,CAAC,CAAC,CAAC,CAAC,CAAC,CAAC,CAAC,CAAC,CAAC,CAAC,CAAC,EAAE,EAAE,CAAC,CAAC,CAAC,CAAC,CAAC,CAAC,CAAC,CAAC,CAAC,CAAC,CAAC,CAAC,CAAC;IACrD;EACF;AACF",
      "file": "/home/rlllok/Documents/django_vue/misha/frontend/vue_frontend/src/views/ProfileView.vue",
      "sourceRoot": "",
      "sourcesContent": [
        "<template>\n    <body>\n        <h1>Profile</h1>\n        <table class=\"profile-table\">\n        <tr>\n            <th>Email:</th>\n            <td>{{user_info.email}}</td>\n        </tr>\n        <tr>\n            <th>Username:</th>\n            <td>{{user_info.username}}</td>\n        </tr>\n        <tr>\n            <th>Full Name:</th>\n            <td>{{user_info.full_name}}</td>\n        </tr>\n        <tr>\n            <th>Gender:</th>\n            <td>{{user_info.gender}}</td>\n        </tr>\n        <tr>\n            <th>Birth Date:</th>\n            <td>{{user_info.birth_date}}</td>\n        </tr>\n        </table>\n  </body>\n</template>\n\n<script>\n// import {getAPI} from '../api'\n\nexport default {\n  data () {\n    return {\n      user_info: \"\",\n    }\n  },\n  \n  mounted (){\n    this.getUserInfo();\n  },\n\n  methods: {\n    getUserInfo () {\n      //   getAPI('/api/user/',\n      //   { headers: { Authorization: `Bearer ${this.$store.state.accessToken}` } })\n      // .then(response => this.user_info = response.data)\n    }\n  }\n}\n\n</script>\n\n<style scoped>\ntable th {\n  text-align: left;\n  width: 100px;\n}\n</style>"
      ]
    },
    "_coverageSchema": "1a1c01bbd47fc00a2c39e90264f33305004495a9",
    "hash": "e616a0f586d6c3cda118a46b5038f6639a79774c"
  },
  "/home/rlllok/Documents/django_vue/misha/frontend/vue_frontend/src/views/AboutView.vue": {
    "path": "/home/rlllok/Documents/django_vue/misha/frontend/vue_frontend/src/views/AboutView.vue",
    "statementMap": {
      "0": {
        "start": {
          "line": 5,
          "column": 32
        },
        "end": {
          "line": 5,
          "column": 90
        }
      },
      "1": {
        "start": {
          "line": 6,
          "column": 32
        },
        "end": {
          "line": 6,
          "column": 103
        }
      },
      "2": {
        "start": {
          "line": 7,
          "column": 32
        },
        "end": {
          "line": 7,
          "column": 199
        }
      },
      "3": {
        "start": {
          "line": 8,
          "column": 32
        },
        "end": {
          "line": 8,
          "column": 153
        }
      },
      "4": {
        "start": {
          "line": 9,
          "column": 32
        },
        "end": {
          "line": 9,
          "column": 102
        }
      },
      "5": {
        "start": {
          "line": 10,
          "column": 19
        },
        "end": {
          "line": 16,
          "column": 1
        }
      },
      "6": {
        "start": {
          "line": 19,
          "column": 2
        },
        "end": {
          "line": 19,
          "column": 70
        }
      }
    },
    "fnMap": {
      "0": {
        "name": "render",
        "decl": {
          "start": {
            "line": 18,
            "column": 16
          },
          "end": {
            "line": 18,
            "column": 22
          }
        },
        "loc": {
          "start": {
            "line": 18,
            "column": 37
          },
          "end": {
            "line": 20,
            "column": 1
          }
        },
        "line": 18
      }
    },
    "branchMap": {},
    "s": {
      "0": 157,
      "1": 157,
      "2": 157,
      "3": 157,
      "4": 157,
      "5": 157,
      "6": 37
    },
    "f": {
      "0": 37
    },
    "b": {},
    "inputSourceMap": {
      "version": 3,
      "sources": [
        "/home/rlllok/Documents/django_vue/misha/frontend/vue_frontend/src/views/AboutView.vue"
      ],
      "names": [],
      "mappings": ";OAGa,UAAwB;;;gCAD7B,oBAAc,YAAV,OAAK;gCACT,oBAA8B,SAAzB,GAAwB,EAAxB,UAAwB;gCAC7B,oBAGI,WAHD,qHAGH;gCACA,oBAEI,WAFD,uEAEH;gCACA,oBAA0B,YAAtB,mBAAiB;;EATrB,UAAc;EACd,UAA8B;EAC9B,UAGI;EACJ,UAEI;EACJ,UAA0B;;;;wBAV9B,oBAWO",
      "file": "/home/rlllok/Documents/django_vue/misha/frontend/vue_frontend/src/views/AboutView.vue",
      "sourceRoot": "",
      "sourcesContent": [
        "<template>\n    <body>\n        <h1>About</h1>\n        <img src=\"../assets/logo.png\">\n        <p>\n            Vue App created within the courses \"User interface programming\" \n            and \"Web application development technology\".\n        </p>\n        <p>\n            Phone book that offers the ability to add, delete and edit entries. \n        </p>\n        <h5>Turkin M. KV-11mn</h5>\n    </body>\n</template>"
      ]
    },
    "_coverageSchema": "1a1c01bbd47fc00a2c39e90264f33305004495a9",
    "hash": "c977dce6b56d7c618fb1c37682d3229f5091f4fa"
  },
  "/home/rlllok/Documents/django_vue/misha/frontend/vue_frontend/src/router/index.js": {
    "path": "/home/rlllok/Documents/django_vue/misha/frontend/vue_frontend/src/router/index.js",
    "statementMap": {
      "0": {
        "start": {
          "line": 11,
          "column": 15
        },
        "end": {
          "line": 47,
          "column": 1
        }
      },
      "1": {
        "start": {
          "line": 49,
          "column": 15
        },
        "end": {
          "line": 52,
          "column": 2
        }
      }
    },
    "fnMap": {},
    "branchMap": {},
    "s": {
      "0": 157,
      "1": 157
    },
    "f": {},
    "b": {},
    "_coverageSchema": "1a1c01bbd47fc00a2c39e90264f33305004495a9",
    "hash": "b14a0f125685e0e0fd505ef3299b1cef5422fd86"
  },
  "/home/rlllok/Documents/django_vue/misha/frontend/vue_frontend/src/main.js": {
    "path": "/home/rlllok/Documents/django_vue/misha/frontend/vue_frontend/src/main.js",
    "statementMap": {
      "0": {
        "start": {
          "line": 8,
          "column": 12
        },
        "end": {
          "line": 8,
          "column": 26
        }
      },
      "1": {
        "start": {
          "line": 10,
          "column": 0
        },
        "end": {
          "line": 10,
          "column": 14
        }
      },
      "2": {
        "start": {
          "line": 11,
          "column": 0
        },
        "end": {
          "line": 11,
          "column": 15
        }
      },
      "3": {
        "start": {
          "line": 13,
          "column": 0
        },
        "end": {
          "line": 13,
          "column": 17
        }
      }
    },
    "fnMap": {},
    "branchMap": {},
    "s": {
      "0": 157,
      "1": 157,
      "2": 157,
      "3": 157
    },
    "f": {},
    "b": {},
    "_coverageSchema": "1a1c01bbd47fc00a2c39e90264f33305004495a9",
    "hash": "4dc68b0db4bd2b78c97c8567abd0e1194252182e"
  },
  "/home/misha/Programming/KPI/web_apps/misha/frontend/vue_frontend/src/App.vue": {
    "path": "/home/misha/Programming/KPI/web_apps/misha/frontend/vue_frontend/src/App.vue",
    "statementMap": {
      "0": {
        "start": {
          "line": 3,
          "column": 19
        },
        "end": {
          "line": 3,
          "column": 32
        }
      },
      "1": {
        "start": {
          "line": 4,
          "column": 32
        },
        "end": {
          "line": 4,
          "column": 56
        }
      },
      "2": {
        "start": {
          "line": 5,
          "column": 32
        },
        "end": {
          "line": 5,
          "column": 59
        }
      },
      "3": {
        "start": {
          "line": 6,
          "column": 32
        },
        "end": {
          "line": 6,
          "column": 59
        }
      },
      "4": {
        "start": {
          "line": 7,
          "column": 32
        },
        "end": {
          "line": 7,
          "column": 59
        }
      },
      "5": {
        "start": {
          "line": 8,
          "column": 32
        },
        "end": {
          "line": 8,
          "column": 57
        }
      },
      "6": {
        "start": {
          "line": 11,
          "column": 33
        },
        "end": {
          "line": 11,
          "column": 65
        }
      },
      "7": {
        "start": {
          "line": 12,
          "column": 33
        },
        "end": {
          "line": 12,
          "column": 65
        }
      },
      "8": {
        "start": {
          "line": 14,
          "column": 2
        },
        "end": {
          "line": 63,
          "column": 5
        }
      },
      "9": {
        "start": {
          "line": 20,
          "column": 32
        },
        "end": {
          "line": 22,
          "column": 9
        }
      },
      "10": {
        "start": {
          "line": 29,
          "column": 32
        },
        "end": {
          "line": 31,
          "column": 9
        }
      },
      "11": {
        "start": {
          "line": 38,
          "column": 32
        },
        "end": {
          "line": 40,
          "column": 9
        }
      },
      "12": {
        "start": {
          "line": 47,
          "column": 32
        },
        "end": {
          "line": 49,
          "column": 9
        }
      },
      "13": {
        "start": {
          "line": 56,
          "column": 32
        },
        "end": {
          "line": 58,
          "column": 9
        }
      }
    },
    "fnMap": {
      "0": {
        "name": "render",
        "decl": {
          "start": {
            "line": 10,
            "column": 16
          },
          "end": {
            "line": 10,
            "column": 22
          }
        },
        "loc": {
          "start": {
            "line": 10,
            "column": 37
          },
          "end": {
            "line": 64,
            "column": 1
          }
        },
        "line": 10
      },
      "1": {
        "name": "(anonymous_1)",
        "decl": {
          "start": {
            "line": 20,
            "column": 26
          },
          "end": {
            "line": 20,
            "column": 27
          }
        },
        "loc": {
          "start": {
            "line": 20,
            "column": 32
          },
          "end": {
            "line": 22,
            "column": 9
          }
        },
        "line": 20
      },
      "2": {
        "name": "(anonymous_2)",
        "decl": {
          "start": {
            "line": 29,
            "column": 26
          },
          "end": {
            "line": 29,
            "column": 27
          }
        },
        "loc": {
          "start": {
            "line": 29,
            "column": 32
          },
          "end": {
            "line": 31,
            "column": 9
          }
        },
        "line": 29
      },
      "3": {
        "name": "(anonymous_3)",
        "decl": {
          "start": {
            "line": 38,
            "column": 26
          },
          "end": {
            "line": 38,
            "column": 27
          }
        },
        "loc": {
          "start": {
            "line": 38,
            "column": 32
          },
          "end": {
            "line": 40,
            "column": 9
          }
        },
        "line": 38
      },
      "4": {
        "name": "(anonymous_4)",
        "decl": {
          "start": {
            "line": 47,
            "column": 26
          },
          "end": {
            "line": 47,
            "column": 27
          }
        },
        "loc": {
          "start": {
            "line": 47,
            "column": 32
          },
          "end": {
            "line": 49,
            "column": 9
          }
        },
        "line": 47
      },
      "5": {
        "name": "(anonymous_5)",
        "decl": {
          "start": {
            "line": 56,
            "column": 26
          },
          "end": {
            "line": 56,
            "column": 27
          }
        },
        "loc": {
          "start": {
            "line": 56,
            "column": 32
          },
          "end": {
            "line": 58,
            "column": 9
          }
        },
        "line": 56
      }
    },
    "branchMap": {},
    "s": {
      "0": 137,
      "1": 137,
      "2": 137,
      "3": 137,
      "4": 137,
      "5": 137,
      "6": 137,
      "7": 137,
      "8": 137,
      "9": 280,
      "10": 280,
      "11": 280,
      "12": 280,
      "13": 280
    },
    "f": {
      "0": 137,
      "1": 280,
[...]
          "line": 6,
          "column": 8
        },
        "end": {
          "line": 11,
          "column": 9
        }
      },
      "1": {
        "start": {
          "line": 15,
          "column": 12
        },
        "end": {
          "line": 15,
          "column": 27
        }
      }
    },
    "fnMap": {
      "0": {
        "name": "(anonymous_0)",
        "decl": {
          "start": {
            "line": 5,
            "column": 4
          },
          "end": {
            "line": 5,
            "column": 5
          }
        },
        "loc": {
          "start": {
            "line": 5,
            "column": 12
          },
          "end": {
            "line": 12,
            "column": 5
          }
        },
        "line": 5
      },
      "1": {
        "name": "(anonymous_1)",
        "decl": {
          "start": {
            "line": 13,
            "column": 4
          },
          "end": {
            "line": 13,
            "column": 5
          }
        },
        "loc": {
          "start": {
            "line": 13,
            "column": 14
          },
          "end": {
            "line": 19,
            "column": 5
          }
        },
        "line": 13
      },
      "2": {
        "name": "(anonymous_2)",
        "decl": {
          "start": {
            "line": 21,
            "column": 8
          },
          "end": {
            "line": 21,
            "column": 9
          }
        },
        "loc": {
          "start": {
            "line": 21,
            "column": 18
          },
          "end": {
            "line": 28,
            "column": 9
          }
        },
        "line": 21
      },
      "3": {
        "name": "(anonymous_3)",
        "decl": {
          "start": {
            "line": 29,
            "column": 8
          },
          "end": {
            "line": 29,
            "column": 9
          }
        },
        "loc": {
          "start": {
            "line": 29,
            "column": 24
          },
          "end": {
            "line": 40,
            "column": 9
          }
        },
        "line": 29
      }
    },
    "branchMap": {},
    "s": {
      "0": 19,
      "1": 19
    },
    "f": {
      "0": 19,
      "1": 19,
      "2": 19,
      "3": 1
    },
    "b": {},
    "inputSourceMap": {
      "version": 3,
      "sources": [
        "/home/misha/Programming/KPI/web_apps/misha/frontend/vue_frontend/src/views/UpdateContactView.vue"
      ],
      "names": [],
      "mappings": ";AAiBA,CAAC,EAAE,CAAC,CAAC,CAAC,CAAC,CAAC,EAAE,CAAC,CAAC,CAAC,CAAC,CAAC,CAAC,CAAC,EAAE,CAAC,CAAC,CAAC,EAAE,CAAC,CAAC,CAAC,CAAC,CAAC,CAAC,CAAC;;AAE/B,CAAC,CAAC,CAAC,CAAC,CAAC,EAAE,CAAC,CAAC,CAAC,CAAC,CAAC,CAAC,EAAE;IACX,CAAC,CAAC,CAAC,EAAE,CAAC,EAAE;QACJ,CAAC,CAAC,CAAC,CAAC,CAAC,EAAE;YACH,CAAC,CAAC,CAAC,CAAC,CAAC,CAAC,CAAC,CAAC,CAAC,EAAE,CAAC,CAAC;YACb,CAAC,CAAC,CAAC,CAAC,CAAC,EAAE,CAAC;YACR,CAAC,CAAC,CAAC,CAAC,CAAC,EAAE,CAAC,CAAC;YACT,CAAC,CAAC,CAAC,CAAC,EAAE,CAAC,CAAC;QACZ;IACJ,CAAC;IACD,CAAC,CAAC,CAAC,CAAC,CAAC,CAAC,EAAE,CAAC,CAAC;QACN,CAAC,EAAE,CAAC,EAAE,CAAC,CAAC,CAAC,CAAC,CAAC,CAAC,CAAC,CAAC,CAAC,CAAC,CAAC,CAAC,CAAC,CAAC,CAAC,CAAC,CAAC,CAAC,CAAC,CAAC,CAAC,CAAC,CAAC,CAAC,CAAC,CAAC,CAAC,CAAC,CAAC,CAAC,CAAC,EAAE,EAAE,CAAC,CAAC,CAAC,CAAC,CAAC,CAAC,CAAC,EAAE,EAAE,CAAC,EAAE,CAAC,CAAC,CAAC,CAAC,CAAC,CAAC,CAAC,CAAC,CAAC,CAAC,CAAC,CAAC,CAAC,CAAC,CAAC,CAAC,CAAC,CAAC,CAAC,CAAC,CAAC,CAAC,CAAC,CAAC,CAAC,CAAC,CAAC,CAAC,CAAC,CAAC,CAAC,EAAE,CAAC,CAAC,CAAC,EAAE,CAAC,CAAC,CAAC,CAAC,EAAE,CAAC,CAAC,CAAC,CAAC,EAAE;YACrG,CAAC,CAAC,CAAC,CAAC,CAAC,CAAC,CAAC,CAAC,CAAC,CAAC,CAAC,CAAC,CAAC,CAAC;QAClB,CAAC,EAAE,EAAE,CAAC,CAAC,CAAC,EAAE;QACV,CAAC,MAAM,CAAC,CAAC,CAAC,CAAC,CAAC,CAAC,CAAC,CAAC,CAAC,CAAC,CAAC,CAAC,CAAC,CAAC,CAAC,CAAC,CAAC,CAAC,CAAC,CAAC,CAAC,CAAC,CAAC,EAAE,CAAC,CAAC,CAAC,CAAC,CAAC,CAAC,CAAC,CAAC,CAAC;QACzC,CAAC,EAAE;IACP,CAAC;IACD,CAAC,CAAC,CAAC,CAAC,CAAC,CAAC,CAAC,EAAE;QACL,CAAC,CAAC,CAAC,CAAC,CAAC,CAAC,CAAC,CAAC,EAAE,EAAE,CAAC,CAAC,CAAC,CAAC,CAAC,CAAC,CAAC,CAAC,CAAC,CAAC,CAAC,CAAC,EAAE,CAAC,CAAC,CAAC,EAAE,CAAC,CAAC,CAAC;YAC9B,CAAC,EAAE,CAAC,CAAC,CAAC,CAAC,CAAC,CAAC,CAAC,CAAC,CAAC,CAAC,CAAC,CAAC,CAAC,CAAC,CAAC,CAAC,CAAC,CAAC,CAAC,CAAC,CAAC,CAAC,CAAC,CAAC,CAAC,CAAC,CAAC,CAAC,CAAC,CAAC,CAAC,CAAC,CAAC,CAAC,CAAC,CAAC,CAAC,CAAC,CAAC,CAAC,CAAC,CAAC,CAAC,CAAC,CAAC,EAAE,EAAE,CAAC,CAAC,CAAC,CAAC,CAAC,CAAC,CAAC,EAAE,EAAE,CAAC,CAAC,CAAC,CAAC,CAAC,CAAC,CAAC,CAAC,CAAC,CAAC,CAAC,CAAC,CAAC,EAAE,CAAC,CAAC,CAAC,CAAC,CAAC,CAAC,EAAE,CAAC,CAAC,CAAC,CAAC,CAAC,CAAC,CAAC,CAAC,CAAC,CAAC,CAAC,CAAC,CAAC,CAAC,CAAC,CAAC,CAAC,CAAC,CAAC,CAAC,CAAC,CAAC,CAAC,CAAC,CAAC,CAAC,CAAC,CAAC,CAAC,CAAC,CAAC,CAAC,EAAE,EAAE,CAAC,CAAC,CAAC,CAAC,CAAC,CAAC,CAAC,CAAC,CAAC,CAAC,CAAC,CAAC,CAAC,CAAC,CAAC,EAAE,CAAC,EAAE;YAC9I,CAAC,MAAM,CAAC,CAAC,CAAC,CAAC,CAAC,CAAC,CAAC,CAAC,CAAC,CAAC,CAAC,CAAC,CAAC,EAAE,EAAE,CAAC,CAAC,CAAC,CAAC,CAAC,CAAC,CAAC,CAAC,CAAC,CAAC,CAAC,CAAC,CAAC,CAAC,CAAC,CAAC,CAAC,CAAC,CAAC,CAAC,CAAC,CAAC;YAC9C,CAAC,MAAM,CAAC,CAAC,CAAC,CAAC,CAAC,CAAC,CAAC,CAAC,CAAC,EAAE,EAAE,CAAC,CAAC,CAAC,CAAC,CAAC,CAAC,CAAC,CAAC,CAAC,CAAC,CAAC,CAAC,CAAC,CAAC,CAAC,CAAC,CAAC,CAAC;YACtC,CAAC,MAAM,CAAC,CAAC,CAAC,CAAC,CAAC,CAAC,CAAC,CAAC,CAAC,EAAE,EAAE,CAAC,CAAC,CAAC,CAAC,CAAC,CAAC,CAAC,CAAC,CAAC,CAAC,CAAC,CAAC,CAAC,CAAC,CAAC,CAAC,CAAC,CAAC;YACtC,CAAC,MAAM,CAAC,CAAC,CAAC,CAAC,CAAC,CAAC,CAAC,CAAC,EAAE,EAAE,CAAC,CAAC,CAAC,CAAC,CAAC,CAAC,CAAC,CAAC,CAAC,CAAC,CAAC,CAAC,CAAC,CAAC,CAAC,CAAC,CAAC;YACpC,CAAC,EAAE,CAAC,CAAC,CAAC;QACV,CAAC;QACD,CAAC,CAAC,CAAC,CAAC,CAAC,CAAC,CAAC,CAAC,CAAC,CAAC,CAAC,CAAC,CAAC,CAAC,EAAE;YACZ,CAAC,EAAE,CAAC,CAAC,CAAC,CAAC,CAAC,CAAC,CAAC,CAAC,CAAC,CAAC,CAAC,CAAC,CAAC,CAAC,CAAC,CAAC,CAAC,CAAC,CAAC,CAAC,CAAC,CAAC,CAAC,CAAC,CAAC,CAAC,CAAC,CAAC,CAAC,CAAC,CAAC,CAAC,CAAC,CAAC,CAAC,CAAC,CAAC,CAAC,CAAC,CAAC,CAAC,CAAC,CAAC,CAAC,CAAC,CAAC,CAAC,CAAC,CAAC,EAAE;YACtD,CAAC,MAAM,CAAC,CAAC,CAAC,CAAC,CAAC,CAAC,CAAC,CAAC,CAAC,EAAE,CAAC,CAAC,CAAC,CAAC,CAAC,CAAC,CAAC,CAAC,CAAC,CAAC,CAAC,CAAC,CAAC,CAAC;YAChC,CAAC,MAAM,CAAC,CAAC,CAAC,CAAC,CAAC,EAAE,CAAC,CAAC,CAAC,CAAC,CAAC,CAAC,CAAC,CAAC,CAAC,CAAC;YACxB,CAAC,MAAM,CAAC,CAAC,CAAC,CAAC,CAAC,EAAE,CAAC,CAAC,CAAC,CAAC,CAAC,CAAC,CAAC,CAAC,CAAC,CAAC;YACxB,CAAC,MAAM,CAAC,CAAC,CAAC,CAAC,EAAE,CAAC,CAAC,CAAC,CAAC,CAAC,CAAC,CAAC,CAAC,CAAC,CAAC,CAAC,CAAC,CAAC,CAAC,CAAC;YAC5B,CAAC,EAAE,CAAC,EAAE,EAAE,CAAC,CAAC,CAAC,CAAC,CAAC,CAAC,CAAC,EAAE,EAAE,CAAC,CAAC,CAAC,CAAC,CAAC,CAAC,CAAC,CAAC,CAAC,CAAC,CAAC,CAAC,CAAC,EAAE,CAAC,CAAC,CAAC,CAAC,CAAC,CAAC,EAAE,CAAC,CAAC,CAAC,CAAC,CAAC,CAAC,CAAC,CAAC,CAAC,CAAC,CAAC,CAAC,CAAC,CAAC,CAAC,CAAC,CAAC,CAAC,CAAC,CAAC,CAAC,CAAC,CAAC,CAAC,CAAC,CAAC,CAAC,CAAC,CAAC,CAAC,CAAC,CAAC,EAAE,EAAE,CAAC,CAAC,CAAC,CAAC,CAAC,CAAC,CAAC,CAAC,CAAC,CAAC,CAAC,CAAC,CAAC,CAAC,CAAC,EAAE,CAAC,EAAE;YAClG,CAAC,MAAM,CAAC,CAAC,CAAC,CAAC,CAAC,CAAC,CAAC,CAAC,CAAC,CAAC,CAAC,CAAC,CAAC,CAAC,CAAC,CAAC,CAAC,CAAC,CAAC,CAAC,CAAC;YAC5B,CAAC,EAAE,CAAC,CAAC,CAAC,CAAC,CAAC,CAAC,CAAC,CAAC,CAAC,CAAC,CAAC,CAAC,CAAC,EAAE,CAAC,EAAE;YACrB,CAAC,MAAM,CAAC,CAAC,CAAC,CAAC,CAAC,CAAC,CAAC,CAAC,CAAC,CAAC,CAAC,CAAC,CAAC,CAAC,CAAC,CAAC,CAAC;YACxB,CAAC,EAAE,CAAC;QACR;IACJ;AACJ",
      "file": "/home/misha/Programming/KPI/web_apps/misha/frontend/vue_frontend/src/views/UpdateContactView.vue",
      "sourceRoot": "",
      "sourcesContent": [
        "<template>\n    <body>\n        <h1>Update Contact</h1>\n        <form class=\"update-form\" @submit.prevent=\"updateContact\">\n            <input class=\"update-fullname\" type=\"fullname\" placeholder=\"Name\" required v-model=\"full_name\" style=\"margin-right: .5em\"/>\n            <input class=\"update-number\" type=\"number\" placeholder=\"Phone\" v-model=\"phone\" style=\"margin-right: .5em\"/>\n            <input class=\"update-email\" type=\"email\" placeholder=\"Email\" v-model=\"email\" style=\"margin-right: .5em\"/>\n            <input class=\"update-info\" type=\"text\" placeholder=\"Info\" v-model=\"info\" style=\"margin-right: .5em\"/>\n            <div class=\"submit\">\n                <button id=\"submit_button\" style=\"margin-top: .5em\">Update Contact</button>\n            </div>\n        </form>\n    </body>\n</template>\n\n\n<script>\n// import {getAPI} from '../api'\n\nexport default {\n    data () {\n        return {\n            full_name: \"\",\n            phone: 0,\n            email: \"\",\n            info: \"\",\n        }\n    },\n    mounted (){\n        // if (this.$store.getters.authorized) { //ubraty z if \"this.$store.getters.authorized\" dlya jest, vyebi 1\n            this.getData();\n        // } else {\n        //     this.$router.push({name: 'SignIn'})\n        // }\n    },\n    methods: {\n        getData() { //zakomentity dlya jest\n            // getAPI('/contacts/'+this.$route.params.id+'/', { headers: { Authorization: `Bearer ${this.$store.state.accessToken}` } }).then(response => {\n            //     this.full_name = response.data.full_name\n            //     this.phone = response.data.phone\n            //     this.email = response.data.email\n            //     this.info = response.data.info\n            // })//\n        },\n        updateContact() {\n            // getAPI.put('/contacts/'+this.$route.params.id+'/', {\n            //     full_name: this.full_name,\n            //     phone: this.phone,\n            //     email: this.email,\n            //     info: this.postinfo_id\n            // }, { headers: { Authorization: `Bearer ${this.$store.state.accessToken}` } }).then(response => {\n            //     console.log(response);\n            // }).catch(error => {\n            //     console.log(error)\n            // })\n        }\n    }\n}\n</script>\n"
      ]
    },
    "_coverageSchema": "1a1c01bbd47fc00a2c39e90264f33305004495a9",
    "hash": "3dfe57af92e8ba8a65c4b0b3ffe033ea7d982a80"
  },
  "/home/misha/Programming/KPI/web_apps/misha/frontend/vue_frontend/src/views/ProfileView.vue": {
    "path": "/home/misha/Programming/KPI/web_apps/misha/frontend/vue_frontend/src/views/ProfileView.vue",
    "statementMap": {
      "0": {
        "start": {
          "line": 6,
          "column": 4
        },
        "end": {
          "line": 8,
          "column": 5
        }
      },
      "1": {
        "start": {
          "line": 12,
          "column": 4
        },
        "end": {
          "line": 12,
          "column": 23
        }
      }
    },
    "fnMap": {
      "0": {
        "name": "(anonymous_0)",
        "decl": {
          "start": {
            "line": 5,
            "column": 2
          },
          "end": {
            "line": 5,
            "column": 3
          }
        },
        "loc": {
          "start": {
            "line": 5,
            "column": 10
          },
          "end": {
            "line": 9,
            "column": 3
          }
        },
        "line": 5
      },
      "1": {
        "name": "(anonymous_1)",
        "decl": {
          "start": {
            "line": 11,
            "column": 2
          },
          "end": {
            "line": 11,
            "column": 3
          }
        },
        "loc": {
          "start": {
            "line": 11,
            "column": 12
          },
          "end": {
            "line": 13,
            "column": 3
          }
        },
        "line": 11
      },
      "2": {
        "name": "(anonymous_2)",
        "decl": {
          "start": {
            "line": 16,
            "column": 4
          },
          "end": {
            "line": 16,
            "column": 5
          }
        },
        "loc": {
          "start": {
            "line": 16,
            "column": 19
          },
          "end": {
            "line": 20,
            "column": 5
          }
        },
        "line": 16
      }
    },
    "branchMap": {},
    "s": {
      "0": 18,
      "1": 18
    },
    "f": {
      "0": 18,
      "1": 18,
      "2": 18
    },
    "b": {},
    "inputSourceMap": {
      "version": 3,
      "sources": [
        "/home/misha/Programming/KPI/web_apps/misha/frontend/vue_frontend/src/views/ProfileView.vue"
      ],
      "names": [],
      "mappings": ";AA6BA,CAAC,EAAE,CAAC,CAAC,CAAC,CAAC,CAAC,EAAE,CAAC,CAAC,CAAC,CAAC,CAAC,CAAC,CAAC,EAAE,CAAC,CAAC,CAAC,EAAE,CAAC,CAAC,CAAC,CAAC,CAAC,CAAC,CAAC;;AAE/B,CAAC,CAAC,CAAC,CAAC,CAAC,EAAE,CAAC,CAAC,CAAC,CAAC,CAAC,CAAC,EAAE;EACb,CAAC,CAAC,CAAC,EAAE,CAAC,EAAE;IACN,CAAC,CAAC,CAAC,CAAC,CAAC,EAAE;MACL,CAAC,CAAC,CAAC,CAAC,CAAC,CAAC,CAAC,CAAC,CAAC,EAAE,CAAC,CAAC;IACf;EACF,CAAC;;EAED,CAAC,CAAC,CAAC,CAAC,CAAC,CAAC,EAAE,CAAC,CAAC;IACR,CAAC,CAAC,CAAC,CAAC,CAAC,CAAC,CAAC,CAAC,CAAC,CAAC,CAAC,CAAC,CAAC,CAAC,CAAC,CAAC,CAAC,CAAC;EACpB,CAAC;;EAED,CAAC,CAAC,CAAC,CAAC,CAAC,CAAC,CAAC,EAAE;IACP,CAAC,CAAC,CAAC,CAAC,CAAC,CAAC,CAAC,CAAC,CAAC,CAAC,EAAE,CAAC,EAAE;MACb,CAAC,IAAI,CAAC,CAAC,CAAC,CAAC,CAAC,CAAC,CAAC,CAAC,CAAC,CAAC,CAAC,CAAC,CAAC,CAAC,CAAC,CAAC,CAAC,CAAC,CAAC;MACxB,CAAC,IAAI,EAAE,CAAC,CAAC,CAAC,CAAC,CAAC,CAAC,CAAC,EAAE,EAAE,CAAC,CAAC,CAAC,CAAC,CAAC,CAAC,CAAC,CAAC,CAAC,CAAC,CAAC,CAAC,CAAC,EAAE,CAAC,CAAC,CAAC,CAAC,CAAC,CAAC,EAAE,CAAC,CAAC,CAAC,CAAC,CAAC,CAAC,CAAC,CAAC,CAAC,CAAC,CAAC,CAAC,CAAC,CAAC,CAAC,CAAC,CAAC,CAAC,CAAC,CAAC,CAAC,CAAC,CAAC,CAAC,CAAC,CAAC,CAAC,CAAC,CAAC,CAAC,CAAC,CAAC,EAAE,EAAE,CAAC;MAC9E,CAAC,EAAE,CAAC,CAAC,CAAC,CAAC,CAAC,CAAC,CAAC,CAAC,CAAC,CAAC,CAAC,CAAC,CAAC,EAAE,CAAC,EAAE,CAAC,CAAC,CAAC,CAAC,CAAC,CAAC,CAAC,CAAC,CAAC,CAAC,CAAC,CAAC,CAAC,EAAE,EAAE,CAAC,CAAC,CAAC,CAAC,CAAC,CAAC,CAAC,CAAC,CAAC,CAAC,CAAC,CAAC,CAAC;IACrD;EACF;AACF",
      "file": "/home/misha/Programming/KPI/web_apps/misha/frontend/vue_frontend/src/views/ProfileView.vue",
      "sourceRoot": "",
      "sourcesContent": [
        "<template>\n    <body>\n        <h1>Profile</h1>\n        <table class=\"profile-table\">\n        <tr>\n            <th>Email:</th>\n            <td>{{user_info.email}}</td>\n        </tr>\n        <tr>\n            <th>Username:</th>\n            <td>{{user_info.username}}</td>\n        </tr>\n        <tr>\n            <th>Full Name:</th>\n            <td>{{user_info.full_name}}</td>\n        </tr>\n        <tr>\n            <th>Gender:</th>\n            <td>{{user_info.gender}}</td>\n        </tr>\n        <tr>\n            <th>Birth Date:</th>\n            <td>{{user_info.birth_date}}</td>\n        </tr>\n        </table>\n  </body>\n</template>\n\n<script>\n// import {getAPI} from '../api'\n\nexport default {\n  data () {\n    return {\n      user_info: \"\",\n    }\n  },\n  \n  mounted (){\n    this.getUserInfo();\n  },\n\n  methods: {\n    getUserInfo () {\n      //   getAPI('/api/user/',\n      //   { headers: { Authorization: `Bearer ${this.$store.state.accessToken}` } })\n      // .then(response => this.user_info = response.data)\n    }\n  }\n}\n\n</script>\n\n<style scoped>\ntable th {\n  text-align: left;\n  width: 100px;\n}\n</style>"
      ]
    },
    "_coverageSchema": "1a1c01bbd47fc00a2c39e90264f33305004495a9",
    "hash": "0a264ccfddd009e17134dcf9f2b67d60b3299353"
  },
  "/home/misha/Programming/KPI/web_apps/misha/frontend/vue_frontend/src/views/AboutView.vue": {
    "path": "/home/misha/Programming/KPI/web_apps/misha/frontend/vue_frontend/src/views/AboutView.vue",
    "statementMap": {
      "0": {
        "start": {
          "line": 5,
          "column": 32
        },
        "end": {
          "line": 5,
          "column": 90
        }
      },
      "1": {
        "start": {
          "line": 6,
          "column": 32
        },
        "end": {
          "line": 6,
          "column": 103
        }
      },
      "2": {
        "start": {
          "line": 7,
          "column": 32
        },
        "end": {
          "line": 7,
          "column": 199
        }
      },
      "3": {
        "start": {
          "line": 8,
          "column": 32
        },
        "end": {
          "line": 8,
          "column": 153
        }
      },
      "4": {
        "start": {
          "line": 9,
          "column": 32
        },
        "end": {
          "line": 9,
          "column": 102
        }
      },
      "5": {
        "start": {
          "line": 10,
          "column": 19
        },
        "end": {
          "line": 16,
          "column": 1
        }
      },
      "6": {
        "start": {
          "line": 19,
          "column": 2
        },
        "end": {
          "line": 19,
          "column": 70
        }
      }
    },
    "fnMap": {
      "0": {
        "name": "render",
        "decl": {
          "start": {
            "line": 18,
            "column": 16
          },
          "end": {
            "line": 18,
            "column": 22
          }
        },
        "loc": {
          "start": {
            "line": 18,
            "column": 37
          },
          "end": {
            "line": 20,
            "column": 1
          }
        },
        "line": 18
      }
    },
    "branchMap": {},
    "s": {
      "0": 137,
      "1": 137,
      "2": 137,
      "3": 137,
      "4": 137,
      "5": 137,
      "6": 21
    },
    "f": {
      "0": 21
    },
    "b": {},
    "inputSourceMap": {
      "version": 3,
      "sources": [
        "/home/misha/Programming/KPI/web_apps/misha/frontend/vue_frontend/src/views/AboutView.vue"
      ],
      "names": [],
      "mappings": ";OAGa,UAAwB;;;gCAD7B,oBAAc,YAAV,OAAK;gCACT,oBAA8B,SAAzB,GAAwB,EAAxB,UAAwB;gCAC7B,oBAGI,WAHD,qHAGH;gCACA,oBAEI,WAFD,uEAEH;gCACA,oBAA0B,YAAtB,mBAAiB;;EATrB,UAAc;EACd,UAA8B;EAC9B,UAGI;EACJ,UAEI;EACJ,UAA0B;;;;wBAV9B,oBAWO",
      "file": "/home/misha/Programming/KPI/web_apps/misha/frontend/vue_frontend/src/views/AboutView.vue",
      "sourceRoot": "",
      "sourcesContent": [
        "<template>\n    <body>\n        <h1>About</h1>\n        <img src=\"../assets/logo.png\">\n        <p>\n            Vue App created within the courses \"User interface programming\" \n            and \"Web application development technology\".\n        </p>\n        <p>\n            Phone book that offers the ability to add, delete and edit entries. \n        </p>\n        <h5>Turkin M. KV-11mn</h5>\n    </body>\n</template>"
      ]
    },
    "_coverageSchema": "1a1c01bbd47fc00a2c39e90264f33305004495a9",
    "hash": "91a1fc3f6fd98965e768afd71bf41c12c5850c61"
  },
  "/home/misha/Programming/KPI/web_apps/misha/frontend/vue_frontend/src/router/index.js": {
    "path": "/home/misha/Programming/KPI/web_apps/misha/frontend/vue_frontend/src/router/index.js",
    "statementMap": {
      "0": {
        "start": {
          "line": 11,
          "column": 15
        },
        "end": {
          "line": 47,
          "column": 1
        }
      },
      "1": {
        "start": {
          "line": 49,
          "column": 15
        },
        "end": {
          "line": 52,
          "column": 2
        }
      }
    },
    "fnMap": {},
    "branchMap": {},
    "s": {
      "0": 137,
      "1": 137
    },
    "f": {},
    "b": {},
    "_coverageSchema": "1a1c01bbd47fc00a2c39e90264f33305004495a9",
    "hash": "0ccc6e49c7c3cf0289e0de29c909c9b04f63f7ad"
  },
  "/home/misha/Programming/KPI/web_apps/misha/frontend/vue_frontend/src/main.js": {
    "path": "/home/misha/Programming/KPI/web_apps/misha/frontend/vue_frontend/src/main.js",
    "statementMap": {
      "0": {
        "start": {
          "line": 8,
          "column": 12
        },
        "end": {
          "line": 8,
          "column": 26
        }
      },
      "1": {
        "start": {
          "line": 10,
          "column": 0
        },
        "end": {
          "line": 10,
          "column": 14
        }
      },
      "2": {
        "start": {
          "line": 11,
          "column": 0
        },
        "end": {
          "line": 11,
          "column": 15
        }
      },
      "3": {
        "start": {
          "line": 13,
          "column": 0
        },
        "end": {
          "line": 13,
          "column": 17
        }
      }
    },
    "fnMap": {},
    "branchMap": {},
    "s": {
      "0": 137,
      "1": 137,
      "2": 137,
      "3": 137
    },
    "f": {},
    "b": {},
    "_coverageSchema": "1a1c01bbd47fc00a2c39e90264f33305004495a9",
    "hash": "ac07908ea0c32f357f25769fbe0f249bf743aadb"
  }
}