<?xml version="1.0" encoding="UTF-8"?>
<coverage generated="1655928085838" clover="3.2.0">
  <project timestamp="1655928085838" name="All files">
    <metrics statements="128" coveredstatements="75" conditionals="8" coveredconditionals="2" methods="72" coveredmethods="38" elements="208" coveredelements="115" complexity="0" loc="128" ncloc="128" packages="10" files="24" classes="24"/>
    <package name="misha.Programming.KPI.web_apps.misha.frontend.vue_frontend.src">
      <metrics statements="10" coveredstatements="10" conditionals="0" coveredconditionals="0" methods="0" coveredmethods="0"/>
      <file name="App.vue" path="/home/misha/Programming/KPI/web_apps/misha/frontend/vue_frontend/src/App.vue">
        <metrics statements="6" coveredstatements="6" conditionals="0" coveredconditionals="0" methods="0" coveredmethods="0"/>
        <line num="3" count="137" type="stmt"/>
        <line num="4" count="137" type="stmt"/>
        <line num="5" count="137" type="stmt"/>
        <line num="6" count="137" type="stmt"/>
        <line num="7" count="137" type="stmt"/>
        <line num="8" count="137" type="stmt"/>
      </file>
      <file name="main.js" path="/home/misha/Programming/KPI/web_apps/misha/frontend/vue_frontend/src/main.js">
        <metrics statements="4" coveredstatements="4" conditionals="0" coveredconditionals="0" methods="0" coveredmethods="0"/>
        <line num="8" count="137" type="stmt"/>
        <line num="10" count="137" type="stmt"/>
        <line num="11" count="137" type="stmt"/>
        <line num="13" count="137" type="stmt"/>
      </file>
    </package>
    <package name="misha.Programming.KPI.web_apps.misha.frontend.vue_frontend.src.api">
      <metrics statements="1" coveredstatements="1" conditionals="0" coveredconditionals="0" methods="0" coveredmethods="0"/>
      <file name="index.js" path="/home/misha/Programming/KPI/web_apps/misha/frontend/vue_frontend/src/api/index.js">
        <metrics statements="1" coveredstatements="1" conditionals="0" coveredconditionals="0" methods="0" coveredmethods="0"/>
        <line num="3" count="137" type="stmt"/>
      </file>
    </package>
    <package name="misha.Programming.KPI.web_apps.misha.frontend.vue_frontend.src.router">
      <metrics statements="2" coveredstatements="2" conditionals="0" coveredconditionals="0" methods="0" coveredmethods="0"/>
      <file name="index.js" path="/home/misha/Programming/KPI/web_apps/misha/frontend/vue_frontend/src/router/index.js">
        <metrics statements="2" coveredstatements="2" conditionals="0" coveredconditionals="0" methods="0" coveredmethods="0"/>
        <line num="11" count="137" type="stmt"/>
        <line num="49" count="137" type="stmt"/>
      </file>
    </package>
    <package name="misha.Programming.KPI.web_apps.misha.frontend.vue_frontend.src.store">
      <metrics statements="15" coveredstatements="4" conditionals="2" coveredconditionals="0" methods="8" coveredmethods="3"/>
      <file name="index.js" path="/home/misha/Programming/KPI/web_apps/misha/frontend/vue_frontend/src/store/index.js">
        <metrics statements="15" coveredstatements="4" conditionals="2" coveredconditionals="0" methods="8" coveredmethods="3"/>
        <line num="4" count="137" type="stmt"/>
        <line num="12" count="0" type="stmt"/>
        <line num="13" count="0" type="stmt"/>
        <line num="14" count="0" type="stmt"/>
        <line num="17" count="0" type="stmt"/>
        <line num="18" count="0" type="stmt"/>
        <line num="23" count="6" type="stmt"/>
        <line num="28" count="1" type="stmt"/>
        <line num="29" count="1" type="stmt"/>
        <line num="33" count="0" type="stmt"/>
        <line num="34" count="0" type="stmt"/>
        <line num="35" count="0" type="stmt"/>
        <line num="37" count="0" type="stmt"/>
        <line num="42" count="0" type="cond" truecount="0" falsecount="2"/>
        <line num="43" count="0" type="stmt"/>
      </file>
    </package>
    <package name="misha.Programming.KPI.web_apps.misha.frontend.vue_frontend.src.views">
      <metrics statements="36" coveredstatements="19" conditionals="2" coveredconditionals="1" methods="28" coveredmethods="15"/>
      <file name="AboutView.vue" path="/home/misha/Programming/KPI/web_apps/misha/frontend/vue_frontend/src/views/AboutView.vue">
        <metrics statements="6" coveredstatements="6" conditionals="0" coveredconditionals="0" methods="0" coveredmethods="0"/>
        <line num="2" count="21" type="stmt"/>
        <line num="3" count="137" type="stmt"/>
        <line num="4" count="137" type="stmt"/>
        <line num="5" count="137" type="stmt"/>
        <line num="9" count="137" type="stmt"/>
        <line num="12" count="137" type="stmt"/>
      </file>
      <file name="CreateContactView.vue" path="/home/misha/Programming/KPI/web_apps/misha/frontend/vue_frontend/src/views/CreateContactView.vue">
        <metrics statements="5" coveredstatements="2" conditionals="0" coveredconditionals="0" methods="4" coveredmethods="2"/>
        <line num="22" count="19" type="stmt"/>
        <line num="31" count="1" type="stmt"/>
        <line num="38" count="0" type="stmt"/>
        <line num="39" count="0" type="stmt"/>
        <line num="41" count="0" type="stmt"/>
      </file>
      <file name="HomeView.vue" path="/home/misha/Programming/KPI/web_apps/misha/frontend/vue_frontend/src/views/HomeView.vue">
        <metrics statements="11" coveredstatements="3" conditionals="2" coveredconditionals="1" methods="9" coveredmethods="2"/>
        <line num="44" count="6" type="stmt"/>
        <line num="50" count="6" type="cond" truecount="1" falsecount="1"/>
        <line num="51" count="0" type="stmt"/>
        <line num="53" count="6" type="stmt"/>
        <line num="59" count="0" type="stmt"/>
        <line num="62" count="0" type="stmt"/>
        <line num="65" count="0" type="stmt"/>
        <line num="68" count="0" type="stmt"/>
        <line num="69" count="0" type="stmt"/>
        <line num="70" count="0" type="stmt"/>
        <line num="72" count="0" type="stmt"/>
      </file>
      <file name="ProfileView.vue" path="/home/misha/Programming/KPI/web_apps/misha/frontend/vue_frontend/src/views/ProfileView.vue">
        <metrics statements="2" coveredstatements="2" conditionals="0" coveredconditionals="0" methods="3" coveredmethods="3"/>
        <line num="34" count="18" type="stmt"/>
        <line num="40" count="18" type="stmt"/>
      </file>
      <file name="SignInView.vue" path="/home/misha/Programming/KPI/web_apps/misha/frontend/vue_frontend/src/views/SignInView.vue">
        <metrics statements="5" coveredstatements="2" conditionals="0" coveredconditionals="0" methods="4" coveredmethods="2"/>
        <line num="19" count="34" type="stmt"/>
        <line num="27" count="1" type="stmt"/>
        <line num="31" count="0" type="stmt"/>
        <line num="33" count="0" type="stmt"/>
        <line num="34" count="0" type="stmt"/>
      </file>
      <file name="SignUpView.vue" path="/home/misha/Programming/KPI/web_apps/misha/frontend/vue_frontend/src/views/SignUpView.vue">
        <metrics statements="5" coveredstatements="2" conditionals="0" coveredconditionals="0" methods="4" coveredmethods="2"/>
        <line num="35" count="24" type="stmt"/>
        <line num="48" count="1" type="stmt"/>
        <line num="56" count="0" type="stmt"/>
        <line num="58" count="0" type="stmt"/>
        <line num="59" count="0" type="stmt"/>
      </file>
      <file name="UpdateContactView.vue" path="/home/misha/Programming/KPI/web_apps/misha/frontend/vue_frontend/src/views/UpdateContactView.vue">
        <metrics statements="2" coveredstatements="2" conditionals="0" coveredconditionals="0" methods="4" coveredmethods="4"/>
        <line num="22" count="19" type="stmt"/>
        <line num="31" count="19" type="stmt"/>
      </file>
    </package>
    <package name="rlllok.Documents.django_vue.misha.frontend.vue_frontend.src">
      <metrics statements="10" coveredstatements="10" conditionals="0" coveredconditionals="0" methods="0" coveredmethods="0"/>
      <file name="App.vue" path="/home/rlllok/Documents/django_vue/misha/frontend/vue_frontend/src/App.vue">
        <metrics statements="6" coveredstatements="6" conditionals="0" coveredconditionals="0" methods="0" coveredmethods="0"/>
        <line num="3" count="157" type="stmt"/>
        <line num="4" count="157" type="stmt"/>
        <line num="5" count="157" type="stmt"/>
        <line num="6" count="157" type="stmt"/>
        <line num="7" count="157" type="stmt"/>
        <line num="8" count="157" type="stmt"/>
      </file>
      <file name="main.js" path="/home/rlllok/Documents/django_vue/misha/frontend/vue_frontend/src/main.js">
        <metrics statements="4" coveredstatements="4" conditionals="0" coveredconditionals="0" methods="0" coveredmethods="0"/>
        <line num="8" count="157" type="stmt"/>
        <line num="10" count="157" type="stmt"/>
        <line num="11" count="157" type="stmt"/>
        <line num="13" count="157" type="stmt"/>
      </file>
    </package>
    <package name="rlllok.Documents.django_vue.misha.frontend.vue_frontend.src.api">
      <metrics statements="1" coveredstatements="1" conditionals="0" coveredconditionals="0" methods="0" coveredmethods="0"/>
      <file name="index.js" path="/home/rlllok/Documents/django_vue/misha/frontend/vue_frontend/src/api/index.js">
        <metrics statements="1" coveredstatements="1" conditionals="0" coveredconditionals="0" methods="0" coveredmethods="0"/>
        <line num="3" count="157" type="stmt"/>
      </file>
    </package>
    <package name="rlllok.Documents.django_vue.misha.frontend.vue_frontend.src.router">
      <metrics statements="2" coveredstatements="2" conditionals="0" coveredconditionals="0" methods="0" coveredmethods="0"/>
      <file name="index.js" path="/home/rlllok/Documents/django_vue/misha/frontend/vue_frontend/src/router/index.js">
        <metrics statements="2" coveredstatements="2" conditionals="0" coveredconditionals="0" methods="0" coveredmethods="0"/>
        <line num="11" count="157" type="stmt"/>
        <line num="49" count="157" type="stmt"/>
      </file>
    </package>
    <package name="rlllok.Documents.django_vue.misha.frontend.vue_frontend.src.store">
      <metrics statements="15" coveredstatements="4" conditionals="2" coveredconditionals="0" methods="8" coveredmethods="3"/>
      <file name="index.js" path="/home/rlllok/Documents/django_vue/misha/frontend/vue_frontend/src/store/index.js">
        <metrics statements="15" coveredstatements="4" conditionals="2" coveredconditionals="0" methods="8" coveredmethods="3"/>
        <line num="4" count="157" type="stmt"/>
        <line num="12" count="0" type="stmt"/>
        <line num="13" count="0" type="stmt"/>
        <line num="14" count="0" type="stmt"/>
        <line num="17" count="0" type="stmt"/>
        <line num="18" count="0" type="stmt"/>
        <line num="23" count="7" type="stmt"/>
        <line num="28" count="1" type="stmt"/>
        <line num="29" count="1" type="stmt"/>
        <line num="33" count="0" type="stmt"/>
        <line num="34" count="0" type="stmt"/>
        <line num="35" count="0" type="stmt"/>
        <line num="37" count="0" type="stmt"/>
        <line num="42" count="0" type="cond" truecount="0" falsecount="2"/>
        <line num="43" count="0" type="stmt"/>
      </file>
    </package>
    <package name="rlllok.Documents.django_vue.misha.frontend.vue_frontend.src.views">
      <metrics statements="36" coveredstatements="22" conditionals="2" coveredconditionals="1" methods="28" coveredmethods="17"/>
      <file name="AboutView.vue" path="/home/rlllok/Documents/django_vue/misha/frontend/vue_frontend/src/views/AboutView.vue">
        <metrics statements="6" coveredstatements="6" conditionals="0" coveredconditionals="0" methods="0" coveredmethods="0"/>
        <line num="2" count="37" type="stmt"/>
        <line num="3" count="157" type="stmt"/>
        <line num="4" count="157" type="stmt"/>
        <line num="5" count="157" type="stmt"/>
        <line num="9" count="157" type="stmt"/>
        <line num="12" count="157" type="stmt"/>
      </file>
      <file name="CreateContactView.vue" path="/home/rlllok/Documents/django_vue/misha/frontend/vue_frontend/src/views/CreateContactView.vue">
        <metrics statements="5" coveredstatements="3" conditionals="0" coveredconditionals="0" methods="4" coveredmethods="3"/>
        <line num="22" count="19" type="stmt"/>
        <line num="31" count="1" type="stmt"/>
        <line num="38" count="0" type="stmt"/>
        <line num="39" count="0" type="stmt"/>
        <line num="41" count="1" type="stmt"/>
      </file>
      <file name="HomeView.vue" path="/home/rlllok/Documents/django_vue/misha/frontend/vue_frontend/src/views/HomeView.vue">
        <metrics statements="11" coveredstatements="3" conditionals="2" coveredconditionals="1" methods="9" coveredmethods="2"/>
        <line num="44" count="7" type="stmt"/>
        <line num="50" count="7" type="cond" truecount="1" falsecount="1"/>
        <line num="51" count="0" type="stmt"/>
        <line num="53" count="7" type="stmt"/>
        <line num="59" count="0" type="stmt"/>
        <line num="62" count="0" type="stmt"/>
        <line num="65" count="0" type="stmt"/>
        <line num="68" count="0" type="stmt"/>
        <line num="69" count="0" type="stmt"/>
        <line num="70" count="0" type="stmt"/>
        <line num="72" count="0" type="stmt"/>
      </file>
      <file name="ProfileView.vue" path="/home/rlllok/Documents/django_vue/misha/frontend/vue_frontend/src/views/ProfileView.vue">
        <metrics statements="2" coveredstatements="2" conditionals="0" coveredconditionals="0" methods="3" coveredmethods="3"/>
        <line num="34" count="18" type="stmt"/>
        <line num="40" count="18" type="stmt"/>
      </file>
      <file name="SignInView.vue" path="/home/rlllok/Documents/django_vue/misha/frontend/vue_frontend/src/views/SignInView.vue">
        <metrics statements="5" coveredstatements="2" conditionals="0" coveredconditionals="0" methods="4" coveredmethods="2"/>
        <line num="19" count="37" type="stmt"/>
        <line num="27" count="1" type="stmt"/>
        <line num="31" count="0" type="stmt"/>
        <line num="33" count="0" type="stmt"/>
        <line num="34" count="0" type="stmt"/>
      </file>
      <file name="SignUpView.vue" path="/home/rlllok/Documents/django_vue/misha/frontend/vue_frontend/src/views/SignUpView.vue">
        <metrics statements="5" coveredstatements="4" conditionals="0" coveredconditionals="0" methods="4" coveredmethods="3"/>
        <line num="35" count="25" type="stmt"/>
        <line num="48" count="1" type="stmt"/>
        <line num="56" count="0" type="stmt"/>
        <line num="58" count="1" type="stmt"/>
        <line num="59" count="1" type="stmt"/>
      </file>
      <file name="UpdateContactView.vue" path="/home/rlllok/Documents/django_vue/misha/frontend/vue_frontend/src/views/UpdateContactView.vue">
        <metrics statements="2" coveredstatements="2" conditionals="0" coveredconditionals="0" methods="4" coveredmethods="4"/>
        <line num="22" count="19" type="stmt"/>
        <line num="31" count="19" type="stmt"/>
      </file>
    </package>
  </project>
</coverage>
