{"/home/misha/Programming/KPI/web_apps/misha/frontend/vue_frontend/src/App.vue": {"path":"/home/misha/Programming/KPI/web_apps/misha/frontend/vue_frontend/src/App.vue","statementMap":{"0":{"start":{"line":3,"column":13},"end":{"line":3,"column":null}},"1":{"start":{"line":4,"column":63},"end":{"line":4,"column":81}},"2":{"start":{"line":5,"column":65},"end":{"line":5,"column":86}},"3":{"start":{"line":6,"column":65},"end":{"line":6,"column":86}},"4":{"start":{"line":7,"column":66},"end":{"line":7,"column":87}},"5":{"start":{"line":8,"column":64},"end":{"line":8,"column":83}}},"fnMap":{},"branchMap":{},"s":{"0":137,"1":137,"2":137,"3":137,"4":137,"5":137},"f":{},"b":{}}
,"/home/misha/Programming/KPI/web_apps/misha/frontend/vue_frontend/src/main.js": {"path":"/home/misha/Programming/KPI/web_apps/misha/frontend/vue_frontend/src/main.js","statementMap":{"0":{"start":{"line":8,"column":12},"end":{"line":8,"column":26}},"1":{"start":{"line":10,"column":0},"end":{"line":10,"column":14}},"2":{"start":{"line":11,"column":0},"end":{"line":11,"column":15}},"3":{"start":{"line":13,"column":0},"end":{"line":13,"column":17}}},"fnMap":{},"branchMap":{},"s":{"0":137,"1":137,"2":137,"3":137},"f":{},"b":{},"_coverageSchema":"1a1c01bbd47fc00a2c39e90264f33305004495a9","hash":"ac07908ea0c32f357f25769fbe0f249bf743aadb"}
,"/home/misha/Programming/KPI/web_apps/misha/frontend/vue_frontend/src/api/index.js": {"path":"/home/misha/Programming/KPI/web_apps/misha/frontend/vue_frontend/src/api/index.js","statementMap":{"0":{"start":{"line":3,"column":15},"end":{"line":6,"column":2}}},"fnMap":{},"branchMap":{},"s":{"0":137},"f":{},"b":{},"_coverageSchema":"1a1c01bbd47fc00a2c39e90264f33305004495a9","hash":"4b44b4fa98dd65ef1cbd303a9a957da9f659ffdd"}
,"/home/misha/Programming/KPI/web_apps/misha/frontend/vue_frontend/src/router/index.js": {"path":"/home/misha/Programming/KPI/web_apps/misha/frontend/vue_frontend/src/router/index.js","statementMap":{"0":{"start":{"line":11,"column":15},"end":{"line":47,"column":1}},"1":{"start":{"line":49,"column":15},"end":{"line":52,"column":2}}},"fnMap":{},"branchMap":{},"s":{"0":137,"1":137},"f":{},"b":{},"_coverageSchema":"1a1c01bbd47fc00a2c39e90264f33305004495a9","hash":"0ccc6e49c7c3cf0289e0de29c909c9b04f63f7ad"}
,"/home/misha/Programming/KPI/web_apps/misha/frontend/vue_frontend/src/store/index.js": {"path":"/home/misha/Programming/KPI/web_apps/misha/frontend/vue_frontend/src/store/index.js","statementMap":{"0":{"start":{"line":4,"column":14},"end":{"line":47,"column":2}},"1":{"start":{"line":12,"column":12},"end":{"line":12,"column":38}},"2":{"start":{"line":13,"column":12},"end":{"line":13,"column":40}},"3":{"start":{"line":14,"column":12},"end":{"line":14,"column":35}},"4":{"start":{"line":17,"column":12},"end":{"line":17,"column":36}},"5":{"start":{"line":18,"column":12},"end":{"line":18,"column":37}},"6":{"start":{"line":23,"column":12},"end":{"line":23,"column":44}},"7":{"start":{"line":28,"column":12},"end":{"line":39,"column":14}},"8":{"start":{"line":29,"column":16},"end":{"line":38,"column":18}},"9":{"start":{"line":33,"column":20},"end":{"line":33,"column":46}},"10":{"start":{"line":34,"column":20},"end":{"line":34,"column":156}},"11":{"start":{"line":35,"column":20},"end":{"line":35,"column":29}},"12":{"start":{"line":37,"column":20},"end":{"line":37,"column":31}},"13":{"start":{"line":42,"column":12},"end":{"line":44,"column":13}},"14":{"start":{"line":43,"column":16},"end":{"line":43,"column":46}}},"fnMap":{"0":{"name":"(anonymous_0)","decl":{"start":{"line":11,"column":8},"end":{"line":11,"column":9}},"loc":{"start":{"line":11,"column":58},"end":{"line":15,"column":9}},"line":11},"1":{"name":"(anonymous_1)","decl":{"start":{"line":16,"column":8},"end":{"line":16,"column":9}},"loc":{"start":{"line":16,"column":29},"end":{"line":19,"column":9}},"line":16},"2":{"name":"(anonymous_2)","decl":{"start":{"line":22,"column":8},"end":{"line":22,"column":9}},"loc":{"start":{"line":22,"column":27},"end":{"line":24,"column":9}},"line":22},"3":{"name":"(anonymous_3)","decl":{"start":{"line":27,"column":8},"end":{"line":27,"column":9}},"loc":{"start":{"line":27,"column":45},"end":{"line":40,"column":9}},"line":27},"4":{"name":"(anonymous_4)","decl":{"start":{"line":28,"column":31},"end":{"line":28,"column":32}},"loc":{"start":{"line":28,"column":52},"end":{"line":39,"column":13}},"line":28},"5":{"name":"(anonymous_5)","decl":{"start":{"line":32,"column":24},"end":{"line":32,"column":25}},"loc":{"start":{"line":32,"column":36},"end":{"line":36,"column":17}},"line":32},"6":{"name":"(anonymous_6)","decl":{"start":{"line":36,"column":25},"end":{"line":36,"column":26}},"loc":{"start":{"line":36,"column":32},"end":{"line":38,"column":17}},"line":36},"7":{"name":"(anonymous_7)","decl":{"start":{"line":41,"column":8},"end":{"line":41,"column":9}},"loc":{"start":{"line":41,"column":29},"end":{"line":45,"column":9}},"line":41}},"branchMap":{"0":{"loc":{"start":{"line":42,"column":12},"end":{"line":44,"column":13}},"type":"if","locations":[{"start":{"line":42,"column":12},"end":{"line":44,"column":13}},{"start":{},"end":{}}],"line":42}},"s":{"0":137,"1":0,"2":0,"3":0,"4":0,"5":0,"6":6,"7":1,"8":1,"9":0,"10":0,"11":0,"12":0,"13":0,"14":0},"f":{"0":0,"1":0,"2":6,"3":1,"4":1,"5":0,"6":0,"7":0},"b":{"0":[0,0]},"_coverageSchema":"1a1c01bbd47fc00a2c39e90264f33305004495a9","hash":"f42f26d5ef81e7ed4dffe7b63b8c3042543153f8"}
,"/home/misha/Programming/KPI/web_apps/misha/frontend/vue_frontend/src/views/AboutView.vue": {"path":"/home/misha/Programming/KPI/web_apps/misha/frontend/vue_frontend/src/views/AboutView.vue","statementMap":{"0":{"start":{"line":3,"column":8},"end":{"line":3,"column":22}},"1":{"start":{"line":4,"column":8},"end":{"line":4,"column":38}},"2":{"start":{"line":5,"column":8},"end":{"line":8,"column":12}},"3":{"start":{"line":9,"column":8},"end":{"line":11,"column":12}},"4":{"start":{"line":12,"column":8},"end":{"line":12,"column":34}},"5":{"start":{"line":2,"column":4},"end":{"line":13,"column":null}}},"fnMap":{},"branchMap":{},"s":{"0":137,"1":137,"2":137,"3":137,"4":137,"5":21},"f":{},"b":{}}
,"/home/misha/Programming/KPI/web_apps/misha/frontend/vue_frontend/src/views/CreateContactView.vue": {"path":"/home/misha/Programming/KPI/web_apps/misha/frontend/vue_frontend/src/views/CreateContactView.vue","statementMap":{"0":{"start":{"line":22,"column":4},"end":{"line":27,"column":null}},"1":{"start":{"line":31,"column":8},"end":{"line":42,"column":null}},"2":{"start":{"line":38,"column":12},"end":{"line":38,"column":null}},"3":{"start":{"line":39,"column":12},"end":{"line":39,"column":null}},"4":{"start":{"line":41,"column":12},"end":{"line":41,"column":null}}},"fnMap":{"0":{"name":"(anonymous_0)","decl":{"start":{"line":21,"column":2},"end":{"line":21,"column":3}},"loc":{"start":{"line":21,"column":10},"end":{"line":28,"column":3}}},"1":{"name":"(anonymous_1)","decl":{"start":{"line":30,"column":4},"end":{"line":30,"column":5}},"loc":{"start":{"line":30,"column":20},"end":{"line":43,"column":null}}},"2":{"name":"(anonymous_2)","decl":{"start":{"line":37,"column":15},"end":{"line":37,"column":16}},"loc":{"start":{"line":37,"column":27},"end":{"line":40,"column":9}}},"3":{"name":"(anonymous_3)","decl":{"start":{"line":40,"column":17},"end":{"line":40,"column":18}},"loc":{"start":{"line":40,"column":26},"end":{"line":42,"column":9}}}},"branchMap":{},"s":{"0":19,"1":1,"2":0,"3":0,"4":0},"f":{"0":19,"1":1,"2":0,"3":0},"b":{}}
,"/home/misha/Programming/KPI/web_apps/misha/frontend/vue_frontend/src/views/HomeView.vue": {"path":"/home/misha/Programming/KPI/web_apps/misha/frontend/vue_frontend/src/views/HomeView.vue","statementMap":{"0":{"start":{"line":44,"column":4},"end":{"line":46,"column":null}},"1":{"start":{"line":50,"column":4},"end":{"line":54,"column":null}},"2":{"start":{"line":51,"column":8},"end":{"line":51,"column":null}},"3":{"start":{"line":53,"column":8},"end":{"line":53,"column":null}},"4":{"start":{"line":59,"column":6},"end":{"line":59,"column":null}},"5":{"start":{"line":59,"column":153},"end":{"line":59,"column":182}},"6":{"start":{"line":62,"column":8},"end":{"line":62,"column":null}},"7":{"start":{"line":65,"column":8},"end":{"line":65,"column":null}},"8":{"start":{"line":68,"column":6},"end":{"line":73,"column":null}},"9":{"start":{"line":69,"column":8},"end":{"line":69,"column":null}},"10":{"start":{"line":70,"column":8},"end":{"line":70,"column":null}},"11":{"start":{"line":72,"column":10},"end":{"line":72,"column":null}}},"fnMap":{"0":{"name":"(anonymous_0)","decl":{"start":{"line":43,"column":2},"end":{"line":43,"column":3}},"loc":{"start":{"line":43,"column":10},"end":{"line":47,"column":3}}},"1":{"name":"(anonymous_1)","decl":{"start":{"line":49,"column":2},"end":{"line":49,"column":3}},"loc":{"start":{"line":49,"column":12},"end":{"line":55,"column":3}}},"2":{"name":"(anonymous_2)","decl":{"start":{"line":58,"column":4},"end":{"line":58,"column":5}},"loc":{"start":{"line":58,"column":18},"end":{"line":60,"column":5}}},"3":{"name":"(anonymous_3)","decl":{"start":{"line":59,"column":141},"end":{"line":59,"column":142}},"loc":{"start":{"line":59,"column":153},"end":{"line":59,"column":182}}},"4":{"name":"(anonymous_4)","decl":{"start":{"line":61,"column":4},"end":{"line":61,"column":5}},"loc":{"start":{"line":61,"column":20},"end":{"line":63,"column":5}}},"5":{"name":"(anonymous_5)","decl":{"start":{"line":64,"column":4},"end":{"line":64,"column":5}},"loc":{"start":{"line":64,"column":30},"end":{"line":66,"column":5}}},"6":{"name":"(anonymous_6)","decl":{"start":{"line":67,"column":4},"end":{"line":67,"column":5}},"loc":{"start":{"line":67,"column":21},"end":{"line":74,"column":5}}},"7":{"name":"(anonymous_7)","decl":{"start":{"line":68,"column":121},"end":{"line":68,"column":122}},"loc":{"start":{"line":68,"column":133},"end":{"line":71,"column":7}}},"8":{"name":"(anonymous_8)","decl":{"start":{"line":71,"column":15},"end":{"line":71,"column":16}},"loc":{"start":{"line":71,"column":24},"end":{"line":73,"column":7}}}},"branchMap":{"0":{"loc":{"start":{"line":50,"column":4},"end":{"line":54,"column":null}},"type":"if","locations":[{"start":{"line":50,"column":4},"end":{"line":54,"column":null}},{"start":{"line":52,"column":11},"end":{"line":54,"column":null}}]}},"s":{"0":6,"1":6,"2":0,"3":6,"4":0,"5":0,"6":0,"7":0,"8":0,"9":0,"10":0,"11":0},"f":{"0":6,"1":6,"2":0,"3":0,"4":0,"5":0,"6":0,"7":0,"8":0},"b":{"0":[0,6]}}
,"/home/misha/Programming/KPI/web_apps/misha/frontend/vue_frontend/src/views/ProfileView.vue": {"path":"/home/misha/Programming/KPI/web_apps/misha/frontend/vue_frontend/src/views/ProfileView.vue","statementMap":{"0":{"start":{"line":34,"column":4},"end":{"line":36,"column":null}},"1":{"start":{"line":40,"column":4},"end":{"line":40,"column":null}}},"fnMap":{"0":{"name":"(anonymous_0)","decl":{"start":{"line":33,"column":2},"end":{"line":33,"column":3}},"loc":{"start":{"line":33,"column":10},"end":{"line":37,"column":3}}},"1":{"name":"(anonymous_1)","decl":{"start":{"line":39,"column":2},"end":{"line":39,"column":3}},"loc":{"start":{"line":39,"column":12},"end":{"line":41,"column":3}}},"2":{"name":"(anonymous_2)","decl":{"start":{"line":44,"column":4},"end":{"line":44,"column":5}},"loc":{"start":{"line":44,"column":19},"end":{"line":48,"column":null}}}},"branchMap":{},"s":{"0":18,"1":18},"f":{"0":18,"1":18,"2":18},"b":{}}
,"/home/misha/Programming/KPI/web_apps/misha/frontend/vue_frontend/src/views/SignInView.vue": {"path":"/home/misha/Programming/KPI/web_apps/misha/frontend/vue_frontend/src/views/SignInView.vue","statementMap":{"0":{"start":{"line":19,"column":8},"end":{"line":23,"column":null}},"1":{"start":{"line":27,"column":12},"end":{"line":35,"column":null}},"2":{"start":{"line":31,"column":16},"end":{"line":31,"column":null}},"3":{"start":{"line":33,"column":16},"end":{"line":33,"column":null}},"4":{"start":{"line":34,"column":16},"end":{"line":34,"column":null}}},"fnMap":{"0":{"name":"(anonymous_0)","decl":{"start":{"line":18,"column":4},"end":{"line":18,"column":5}},"loc":{"start":{"line":18,"column":11},"end":{"line":24,"column":5}}},"1":{"name":"(anonymous_1)","decl":{"start":{"line":26,"column":8},"end":{"line":26,"column":9}},"loc":{"start":{"line":26,"column":17},"end":{"line":36,"column":null}}},"2":{"name":"(anonymous_2)","decl":{"start":{"line":30,"column":20},"end":{"line":30,"column":21}},"loc":{"start":{"line":30,"column":26},"end":{"line":32,"column":13}}},"3":{"name":"(anonymous_3)","decl":{"start":{"line":32,"column":21},"end":{"line":32,"column":22}},"loc":{"start":{"line":32,"column":30},"end":{"line":35,"column":13}}}},"branchMap":{},"s":{"0":34,"1":1,"2":0,"3":0,"4":0},"f":{"0":34,"1":1,"2":0,"3":0},"b":{}}
,"/home/misha/Programming/KPI/web_apps/misha/frontend/vue_frontend/src/views/SignUpView.vue": {"path":"/home/misha/Programming/KPI/web_apps/misha/frontend/vue_frontend/src/views/SignUpView.vue","statementMap":{"0":{"start":{"line":35,"column":8},"end":{"line":43,"column":null}},"1":{"start":{"line":48,"column":12},"end":{"line":60,"column":null}},"2":{"start":{"line":56,"column":16},"end":{"line":56,"column":null}},"3":{"start":{"line":58,"column":16},"end":{"line":58,"column":null}},"4":{"start":{"line":59,"column":16},"end":{"line":59,"column":null}}},"fnMap":{"0":{"name":"(anonymous_0)","decl":{"start":{"line":34,"column":4},"end":{"line":34,"column":5}},"loc":{"start":{"line":34,"column":11},"end":{"line":44,"column":5}}},"1":{"name":"(anonymous_1)","decl":{"start":{"line":47,"column":8},"end":{"line":47,"column":9}},"loc":{"start":{"line":47,"column":23},"end":{"line":61,"column":null}}},"2":{"name":"(anonymous_2)","decl":{"start":{"line":55,"column":20},"end":{"line":55,"column":21}},"loc":{"start":{"line":55,"column":32},"end":{"line":57,"column":13}}},"3":{"name":"(anonymous_3)","decl":{"start":{"line":57,"column":21},"end":{"line":57,"column":22}},"loc":{"start":{"line":57,"column":30},"end":{"line":60,"column":13}}}},"branchMap":{},"s":{"0":24,"1":1,"2":0,"3":0,"4":0},"f":{"0":24,"1":1,"2":0,"3":0},"b":{}}
,"/home/misha/Programming/KPI/web_apps/misha/frontend/vue_frontend/src/views/UpdateContactView.vue": {"path":"/home/misha/Programming/KPI/web_apps/misha/frontend/vue_frontend/src/views/UpdateContactView.vue","statementMap":{"0":{"start":{"line":22,"column":8},"end":{"line":27,"column":null}},"1":{"start":{"line":31,"column":12},"end":{"line":31,"column":null}}},"fnMap":{"0":{"name":"(anonymous_0)","decl":{"start":{"line":21,"column":4},"end":{"line":21,"column":5}},"loc":{"start":{"line":21,"column":12},"end":{"line":28,"column":5}}},"1":{"name":"(anonymous_1)","decl":{"start":{"line":29,"column":4},"end":{"line":29,"column":5}},"loc":{"start":{"line":29,"column":14},"end":{"line":35,"column":5}}},"2":{"name":"(anonymous_2)","decl":{"start":{"line":37,"column":8},"end":{"line":37,"column":9}},"loc":{"start":{"line":37,"column":18},"end":{"line":44,"column":9}}},"3":{"name":"(anonymous_3)","decl":{"start":{"line":45,"column":8},"end":{"line":45,"column":9}},"loc":{"start":{"line":45,"column":24},"end":{"line":56,"column":null}}}},"branchMap":{},"s":{"0":19,"1":19},"f":{"0":19,"1":19,"2":19,"3":1},"b":{}}
,"/home/rlllok/Documents/django_vue/misha/frontend/vue_frontend/src/App.vue": {"path":"/home/rlllok/Documents/django_vue/misha/frontend/vue_frontend/src/App.vue","statementMap":{"0":{"start":{"line":3,"column":13},"end":{"line":3,"column":null}},"1":{"start":{"line":4,"column":63},"end":{"line":4,"column":81}},"2":{"start":{"line":5,"column":65},"end":{"line":5,"column":86}},"3":{"start":{"line":6,"column":65},"end":{"line":6,"column":86}},"4":{"start":{"line":7,"column":66},"end":{"line":7,"column":87}},"5":{"start":{"line":8,"column":64},"end":{"line":8,"column":83}}},"fnMap":{},"branchMap":{},"s":{"0":157,"1":157,"2":157,"3":157,"4":157,"5":157},"f":{},"b":{}}
,"/home/rlllok/Documents/django_vue/misha/frontend/vue_frontend/src/main.js": {"path":"/home/rlllok/Documents/django_vue/misha/frontend/vue_frontend/src/main.js","statementMap":{"0":{"start":{"line":8,"column":12},"end":{"line":8,"column":26}},"1":{"start":{"line":10,"column":0},"end":{"line":10,"column":14}},"2":{"start":{"line":11,"column":0},"end":{"line":11,"column":15}},"3":{"start":{"line":13,"column":0},"end":{"line":13,"column":17}}},"fnMap":{},"branchMap":{},"s":{"0":157,"1":157,"2":157,"3":157},"f":{},"b":{},"_coverageSchema":"1a1c01bbd47fc00a2c39e90264f33305004495a9","hash":"4dc68b0db4bd2b78c97c8567abd0e1194252182e"}
,"/home/rlllok/Documents/django_vue/misha/frontend/vue_frontend/src/api/index.js": {"path":"/home/rlllok/Documents/django_vue/misha/frontend/vue_frontend/src/api/index.js","statementMap":{"0":{"start":{"line":3,"column":15},"end":{"line":6,"column":2}}},"fnMap":{},"branchMap":{},"s":{"0":157},"f":{},"b":{},"_coverageSchema":"1a1c01bbd47fc00a2c39e90264f33305004495a9","hash":"759730600bc8f11bb05dfd10e31c5d8056d31b78"}
,"/home/rlllok/Documents/django_vue/misha/frontend/vue_frontend/src/router/index.js": {"path":"/home/rlllok/Documents/django_vue/misha/frontend/vue_frontend/src/router/index.js","statementMap":{"0":{"start":{"line":11,"column":15},"end":{"line":47,"column":1}},"1":{"start":{"line":49,"column":15},"end":{"line":52,"column":2}}},"fnMap":{},"branchMap":{},"s":{"0":157,"1":157},"f":{},"b":{},"_coverageSchema":"1a1c01bbd47fc00a2c39e90264f33305004495a9","hash":"b14a0f125685e0e0fd505ef3299b1cef5422fd86"}
,"/home/rlllok/Documents/django_vue/misha/frontend/vue_frontend/src/store/index.js": {"path":"/home/rlllok/Documents/django_vue/misha/frontend/vue_frontend/src/store/index.js","statementMap":{"0":{"start":{"line":4,"column":14},"end":{"line":47,"column":2}},"1":{"start":{"line":12,"column":12},"end":{"line":12,"column":38}},"2":{"start":{"line":13,"column":12},"end":{"line":13,"column":40}},"3":{"start":{"line":14,"column":12},"end":{"line":14,"column":35}},"4":{"start":{"line":17,"column":12},"end":{"line":17,"column":36}},"5":{"start":{"line":18,"column":12},"end":{"line":18,"column":37}},"6":{"start":{"line":23,"column":12},"end":{"line":23,"column":44}},"7":{"start":{"line":28,"column":12},"end":{"line":39,"column":14}},"8":{"start":{"line":29,"column":16},"end":{"line":38,"column":18}},"9":{"start":{"line":33,"column":20},"end":{"line":33,"column":46}},"10":{"start":{"line":34,"column":20},"end":{"line":34,"column":156}},"11":{"start":{"line":35,"column":20},"end":{"line":35,"column":29}},"12":{"start":{"line":37,"column":20},"end":{"line":37,"column":31}},"13":{"start":{"line":42,"column":12},"end":{"line":44,"column":13}},"14":{"start":{"line":43,"column":16},"end":{"line":43,"column":46}}},"fnMap":{"0":{"name":"(anonymous_0)","decl":{"start":{"line":11,"column":8},"end":{"line":11,"column":9}},"loc":{"start":{"line":11,"column":58},"end":{"line":15,"column":9}},"line":11},"1":{"name":"(anonymous_1)","decl":{"start":{"line":16,"column":8},"end":{"line":16,"column":9}},"loc":{"start":{"line":16,"column":29},"end":{"line":19,"column":9}},"line":16},"2":{"name":"(anonymous_2)","decl":{"start":{"line":22,"column":8},"end":{"line":22,"column":9}},"loc":{"start":{"line":22,"column":27},"end":{"line":24,"column":9}},"line":22},"3":{"name":"(anonymous_3)","decl":{"start":{"line":27,"column":8},"end":{"line":27,"column":9}},"loc":{"start":{"line":27,"column":45},"end":{"line":40,"column":9}},"line":27},"4":{"name":"(anonymous_4)","decl":{"start":{"line":28,"column":31},"end":{"line":28,"column":32}},"loc":{"start":{"line":28,"column":52},"end":{"line":39,"column":13}},"line":28},"5":{"name":"(anonymous_5)","decl":{"start":{"line":32,"column":24},"end":{"line":32,"column":25}},"loc":{"start":{"line":32,"column":36},"end":{"line":36,"column":17}},"line":32},"6":{"name":"(anonymous_6)","decl":{"start":{"line":36,"column":25},"end":{"line":36,"column":26}},"loc":{"start":{"line":36,"column":32},"end":{"line":38,"column":17}},"line":36},"7":{"name":"(anonymous_7)","decl":{"start":{"line":41,"column":8},"end":{"line":41,"column":9}},"loc":{"start":{"line":41,"column":29},"end":{"line":45,"column":9}},"line":41}},"branchMap":{"0":{"loc":{"start":{"line":42,"column":12},"end":{"line":44,"column":13}},"type":"if","locations":[{"start":{"line":42,"column":12},"end":{"line":44,"column":13}},{"start":{},"end":{}}],"line":42}},"s":{"0":157,"1":0,"2":0,"3":0,"4":0,"5":0,"6":7,"7":1,"8":1,"9":0,"10":0,"11":0,"12":0,"13":0,"14":0},"f":{"0":0,"1":0,"2":7,"3":1,"4":1,"5":0,"6":0,"7":0},"b":{"0":[0,0]},"_coverageSchema":"1a1c01bbd47fc00a2c39e90264f33305004495a9","hash":"cdf4550e2e294f7d1a90e18d6d4d96ae52ff0112"}
,"/home/rlllok/Documents/django_vue/misha/frontend/vue_frontend/src/views/AboutView.vue": {"path":"/home/rlllok/Documents/django_vue/misha/frontend/vue_frontend/src/views/AboutView.vue","statementMap":{"0":{"start":{"line":3,"column":8},"end":{"line":3,"column":22}},"1":{"start":{"line":4,"column":8},"end":{"line":4,"column":38}},"2":{"start":{"line":5,"column":8},"end":{"line":8,"column":12}},"3":{"start":{"line":9,"column":8},"end":{"line":11,"column":12}},"4":{"start":{"line":12,"column":8},"end":{"line":12,"column":34}},"5":{"start":{"line":2,"column":4},"end":{"line":13,"column":null}}},"fnMap":{},"branchMap":{},"s":{"0":157,"1":157,"2":157,"3":157,"4":157,"5":37},"f":{},"b":{}}
,"/home/rlllok/Documents/django_vue/misha/frontend/vue_frontend/src/views/CreateContactView.vue": {"path":"/home/rlllok/Documents/django_vue/misha/frontend/vue_frontend/src/views/CreateContactView.vue","statementMap":{"0":{"start":{"line":22,"column":4},"end":{"line":27,"column":null}},"1":{"start":{"line":31,"column":8},"end":{"line":42,"column":null}},"2":{"start":{"line":38,"column":12},"end":{"line":38,"column":null}},"3":{"start":{"line":39,"column":12},"end":{"line":39,"column":null}},"4":{"start":{"line":41,"column":12},"end":{"line":41,"column":null}}},"fnMap":{"0":{"name":"(anonymous_0)","decl":{"start":{"line":21,"column":2},"end":{"line":21,"column":3}},"loc":{"start":{"line":21,"column":10},"end":{"line":28,"column":3}}},"1":{"name":"(anonymous_1)","decl":{"start":{"line":30,"column":4},"end":{"line":30,"column":5}},"loc":{"start":{"line":30,"column":20},"end":{"line":43,"column":null}}},"2":{"name":"(anonymous_2)","decl":{"start":{"line":37,"column":15},"end":{"line":37,"column":16}},"loc":{"start":{"line":37,"column":27},"end":{"line":40,"column":9}}},"3":{"name":"(anonymous_3)","decl":{"start":{"line":40,"column":17},"end":{"line":40,"column":18}},"loc":{"start":{"line":40,"column":26},"end":{"line":42,"column":9}}}},"branchMap":{},"s":{"0":19,"1":1,"2":0,"3":0,"4":1},"f":{"0":19,"1":1,"2":0,"3":1},"b":{}}
,"/home/rlllok/Documents/django_vue/misha/frontend/vue_frontend/src/views/HomeView.vue": {"path":"/home/rlllok/Documents/django_vue/misha/frontend/vue_frontend/src/views/HomeView.vue","statementMap":{"0":{"start":{"line":44,"column":4},"end":{"line":46,"column":null}},"1":{"start":{"line":50,"column":4},"end":{"line":54,"column":null}},"2":{"start":{"line":51,"column":8},"end":{"line":51,"column":null}},"3":{"start":{"line":53,"column":8},"end":{"line":53,"column":null}},"4":{"start":{"line":59,"column":6},"end":{"line":59,"column":null}},"5":{"start":{"line":59,"column":153},"end":{"line":59,"column":182}},"6":{"start":{"line":62,"column":8},"end":{"line":62,"column":null}},"7":{"start":{"line":65,"column":8},"end":{"line":65,"column":null}},"8":{"start":{"line":68,"column":6},"end":{"line":73,"column":null}},"9":{"start":{"line":69,"column":8},"end":{"line":69,"column":null}},"10":{"start":{"line":70,"column":8},"end":{"line":70,"column":null}},"11":{"start":{"line":72,"column":10},"end":{"line":72,"column":null}}},"fnMap":{"0":{"name":"(anonymous_0)","decl":{"start":{"line":43,"column":2},"end":{"line":43,"column":3}},"loc":{"start":{"line":43,"column":10},"end":{"line":47,"column":3}}},"1":{"name":"(anonymous_1)","decl":{"start":{"line":49,"column":2},"end":{"line":49,"column":3}},"loc":{"start":{"line":49,"column":12},"end":{"line":55,"column":3}}},"2":{"name":"(anonymous_2)","decl":{"start":{"line":58,"column":4},"end":{"line":58,"column":5}},"loc":{"start":{"line":58,"column":18},"end":{"line":60,"column":5}}},"3":{"name":"(anonymous_3)","decl":{"start":{"line":59,"column":141},"end":{"line":59,"column":142}},"loc":{"start":{"line":59,"column":153},"end":{"line":59,"column":182}}},"4":{"name":"(anonymous_4)","decl":{"start":{"line":61,"column":4},"end":{"line":61,"column":5}},"loc":{"start":{"line":61,"column":20},"end":{"line":63,"column":5}}},"5":{"name":"(anonymous_5)","decl":{"start":{"line":64,"column":4},"end":{"line":64,"column":5}},"loc":{"start":{"line":64,"column":30},"end":{"line":66,"column":5}}},"6":{"name":"(anonymous_6)","decl":{"start":{"line":67,"column":4},"end":{"line":67,"column":5}},"loc":{"start":{"line":67,"column":21},"end":{"line":74,"column":5}}},"7":{"name":"(anonymous_7)","decl":{"start":{"line":68,"column":121},"end":{"line":68,"column":122}},"loc":{"start":{"line":68,"column":133},"end":{"line":71,"column":7}}},"8":{"name":"(anonymous_8)","decl":{"start":{"line":71,"column":15},"end":{"line":71,"column":16}},"loc":{"start":{"line":71,"column":24},"end":{"line":73,"column":7}}}},"branchMap":{"0":{"loc":{"start":{"line":50,"column":4},"end":{"line":54,"column":null}},"type":"if","locations":[{"start":{"line":50,"column":4},"end":{"line":54,"column":null}},{"start":{"line":52,"column":11},"end":{"line":54,"column":null}}]}},"s":{"0":7,"1":7,"2":0,"3":7,"4":0,"5":0,"6":0,"7":0,"8":0,"9":0,"10":0,"11":0},"f":{"0":7,"1":7,"2":0,"3":0,"4":0,"5":0,"6":0,"7":0,"8":0},"b":{"0":[0,7]}}
,"/home/rlllok/Documents/django_vue/misha/frontend/vue_frontend/src/views/ProfileView.vue": {"path":"/home/rlllok/Documents/django_vue/misha/frontend/vue_frontend/src/views/ProfileView.vue","statementMap":{"0":{"start":{"line":34,"column":4},"end":{"line":36,"column":null}},"1":{"start":{"line":40,"column":4},"end":{"line":40,"column":null}}},"fnMap":{"0":{"name":"(anonymous_0)","decl":{"start":{"line":33,"column":2},"end":{"line":33,"column":3}},"loc":{"start":{"line":33,"column":10},"end":{"line":37,"column":3}}},"1":{"name":"(anonymous_1)","decl":{"start":{"line":39,"column":2},"end":{"line":39,"column":3}},"loc":{"start":{"line":39,"column":12},"end":{"line":41,"column":3}}},"2":{"name":"(anonymous_2)","decl":{"start":{"line":44,"column":4},"end":{"line":44,"column":5}},"loc":{"start":{"line":44,"column":19},"end":{"line":48,"column":null}}}},"branchMap":{},"s":{"0":18,"1":18},"f":{"0":18,"1":18,"2":18},"b":{}}
,"/home/rlllok/Documents/django_vue/misha/frontend/vue_frontend/src/views/SignInView.vue": {"path":"/home/rlllok/Documents/django_vue/misha/frontend/vue_frontend/src/views/SignInView.vue","statementMap":{"0":{"start":{"line":19,"column":8},"end":{"line":23,"column":null}},"1":{"start":{"line":27,"column":12},"end":{"line":35,"column":null}},"2":{"start":{"line":31,"column":16},"end":{"line":31,"column":null}},"3":{"start":{"line":33,"column":16},"end":{"line":33,"column":null}},"4":{"start":{"line":34,"column":16},"end":{"line":34,"column":null}}},"fnMap":{"0":{"name":"(anonymous_0)","decl":{"start":{"line":18,"column":4},"end":{"line":18,"column":5}},"loc":{"start":{"line":18,"column":11},"end":{"line":24,"column":5}}},"1":{"name":"(anonymous_1)","decl":{"start":{"line":26,"column":8},"end":{"line":26,"column":9}},"loc":{"start":{"line":26,"column":17},"end":{"line":36,"column":null}}},"2":{"name":"(anonymous_2)","decl":{"start":{"line":30,"column":20},"end":{"line":30,"column":21}},"loc":{"start":{"line":30,"column":26},"end":{"line":32,"column":13}}},"3":{"name":"(anonymous_3)","decl":{"start":{"line":32,"column":21},"end":{"line":32,"column":22}},"loc":{"start":{"line":32,"column":30},"end":{"line":35,"column":13}}}},"branchMap":{},"s":{"0":37,"1":1,"2":0,"3":0,"4":0},"f":{"0":37,"1":1,"2":0,"3":0},"b":{}}
,"/home/rlllok/Documents/django_vue/misha/frontend/vue_frontend/src/views/SignUpView.vue": {"path":"/home/rlllok/Documents/django_vue/misha/frontend/vue_frontend/src/views/SignUpView.vue","statementMap":{"0":{"start":{"line":35,"column":8},"end":{"line":43,"column":null}},"1":{"start":{"line":48,"column":12},"end":{"line":60,"column":null}},"2":{"start":{"line":56,"column":16},"end":{"line":56,"column":null}},"3":{"start":{"line":58,"column":16},"end":{"line":58,"column":null}},"4":{"start":{"line":59,"column":16},"end":{"line":59,"column":null}}},"fnMap":{"0":{"name":"(anonymous_0)","decl":{"start":{"line":34,"column":4},"end":{"line":34,"column":5}},"loc":{"start":{"line":34,"column":11},"end":{"line":44,"column":5}}},"1":{"name":"(anonymous_1)","decl":{"start":{"line":47,"column":8},"end":{"line":47,"column":9}},"loc":{"start":{"line":47,"column":23},"end":{"line":61,"column":null}}},"2":{"name":"(anonymous_2)","decl":{"start":{"line":55,"column":20},"end":{"line":55,"column":21}},"loc":{"start":{"line":55,"column":32},"end":{"line":57,"column":13}}},"3":{"name":"(anonymous_3)","decl":{"start":{"line":57,"column":21},"end":{"line":57,"column":22}},"loc":{"start":{"line":57,"column":30},"end":{"line":60,"column":13}}}},"branchMap":{},"s":{"0":25,"1":1,"2":0,"3":1,"4":1},"f":{"0":25,"1":1,"2":0,"3":1},"b":{}}
,"/home/rlllok/Documents/django_vue/misha/frontend/vue_frontend/src/views/UpdateContactView.vue": {"path":"/home/rlllok/Documents/django_vue/misha/frontend/vue_frontend/src/views/UpdateContactView.vue","statementMap":{"0":{"start":{"line":22,"column":8},"end":{"line":27,"column":null}},"1":{"start":{"line":31,"column":12},"end":{"line":31,"column":null}}},"fnMap":{"0":{"name":"(anonymous_0)","decl":{"start":{"line":21,"column":4},"end":{"line":21,"column":5}},"loc":{"start":{"line":21,"column":12},"end":{"line":28,"column":5}}},"1":{"name":"(anonymous_1)","decl":{"start":{"line":29,"column":4},"end":{"line":29,"column":5}},"loc":{"start":{"line":29,"column":14},"end":{"line":35,"column":5}}},"2":{"name":"(anonymous_2)","decl":{"start":{"line":37,"column":8},"end":{"line":37,"column":9}},"loc":{"start":{"line":37,"column":18},"end":{"line":44,"column":9}}},"3":{"name":"(anonymous_3)","decl":{"start":{"line":45,"column":8},"end":{"line":45,"column":9}},"loc":{"start":{"line":45,"column":24},"end":{"line":56,"column":null}}}},"branchMap":{},"s":{"0":19,"1":19},"f":{"0":19,"1":19,"2":19,"3":1},"b":{}}
}
