{"total": {"lines":{"total":128,"covered":75,"skipped":0,"pct":58.59},"statements":{"total":130,"covered":75,"skipped":0,"pct":57.69},"functions":{"total":72,"covered":38,"skipped":0,"pct":52.77},"branches":{"total":8,"covered":2,"skipped":0,"pct":25},"branchesTrue":{"total":0,"covered":0,"skipped":0,"pct":100}}
,"/home/misha/Programming/KPI/web_apps/misha/frontend/vue_frontend/src/App.vue": {"lines":{"total":6,"covered":6,"skipped":0,"pct":100},"functions":{"total":0,"covered":0,"skipped":0,"pct":100},"statements":{"total":6,"covered":6,"skipped":0,"pct":100},"branches":{"total":0,"covered":0,"skipped":0,"pct":100}}
,"/home/misha/Programming/KPI/web_apps/misha/frontend/vue_frontend/src/main.js": {"lines":{"total":4,"covered":4,"skipped":0,"pct":100},"functions":{"total":0,"covered":0,"skipped":0,"pct":100},"statements":{"total":4,"covered":4,"skipped":0,"pct":100},"branches":{"total":0,"covered":0,"skipped":0,"pct":100}}
,"/home/misha/Programming/KPI/web_apps/misha/frontend/vue_frontend/src/api/index.js": {"lines":{"total":1,"covered":1,"skipped":0,"pct":100},"functions":{"total":0,"covered":0,"skipped":0,"pct":100},"statements":{"total":1,"covered":1,"skipped":0,"pct":100},"branches":{"total":0,"covered":0,"skipped":0,"pct":100}}
,"/home/misha/Programming/KPI/web_apps/misha/frontend/vue_frontend/src/router/index.js": {"lines":{"total":2,"covered":2,"skipped":0,"pct":100},"functions":{"total":0,"covered":0,"skipped":0,"pct":100},"statements":{"total":2,"covered":2,"skipped":0,"pct":100},"branches":{"total":0,"covered":0,"skipped":0,"pct":100}}
,"/home/misha/Programming/KPI/web_apps/misha/frontend/vue_frontend/src/store/index.js": {"lines":{"total":15,"covered":4,"skipped":0,"pct":26.66},"functions":{"total":8,"covered":3,"skipped":0,"pct":37.5},"statements":{"total":15,"covered":4,"skipped":0,"pct":26.66},"branches":{"total":2,"covered":0,"skipped":0,"pct":0}}
,"/home/misha/Programming/KPI/web_apps/misha/frontend/vue_frontend/src/views/AboutView.vue": {"lines":{"total":6,"covered":6,"skipped":0,"pct":100},"functions":{"total":0,"covered":0,"skipped":0,"pct":100},"statements":{"total":6,"covered":6,"skipped":0,"pct":100},"branches":{"total":0,"covered":0,"skipped":0,"pct":100}}
,"/home/misha/Programming/KPI/web_apps/misha/frontend/vue_frontend/src/views/CreateContactView.vue": {"lines":{"total":5,"covered":2,"skipped":0,"pct":40},"functions":{"total":4,"covered":2,"skipped":0,"pct":50},"statements":{"total":5,"covered":2,"skipped":0,"pct":40},"branches":{"total":0,"covered":0,"skipped":0,"pct":100}}
,"/home/misha/Programming/KPI/web_apps/misha/frontend/vue_frontend/src/views/HomeView.vue": {"lines":{"total":11,"covered":3,"skipped":0,"pct":27.27},"functions":{"total":9,"covered":2,"skipped":0,"pct":22.22},"statements":{"total":12,"covered":3,"skipped":0,"pct":25},"branches":{"total":2,"covered":1,"skipped":0,"pct":50}}
,"/home/misha/Programming/KPI/web_apps/misha/frontend/vue_frontend/src/views/ProfileView.vue": {"lines":{"total":2,"covered":2,"skipped":0,"pct":100},"functions":{"total":3,"covered":3,"skipped":0,"pct":100},"statements":{"total":2,"covered":2,"skipped":0,"pct":100},"branches":{"total":0,"covered":0,"skipped":0,"pct":100}}
,"/home/misha/Programming/KPI/web_apps/misha/frontend/vue_frontend/src/views/SignInView.vue": {"lines":{"total":5,"covered":2,"skipped":0,"pct":40},"functions":{"total":4,"covered":2,"skipped":0,"pct":50},"statements":{"total":5,"covered":2,"skipped":0,"pct":40},"branches":{"total":0,"covered":0,"skipped":0,"pct":100}}
,"/home/misha/Programming/KPI/web_apps/misha/frontend/vue_frontend/src/views/SignUpView.vue": {"lines":{"total":5,"covered":2,"skipped":0,"pct":40},"functions":{"total":4,"covered":2,"skipped":0,"pct":50},"statements":{"total":5,"covered":2,"skipped":0,"pct":40},"branches":{"total":0,"covered":0,"skipped":0,"pct":100}}
,"/home/misha/Programming/KPI/web_apps/misha/frontend/vue_frontend/src/views/UpdateContactView.vue": {"lines":{"total":2,"covered":2,"skipped":0,"pct":100},"functions":{"total":4,"covered":4,"skipped":0,"pct":100},"statements":{"total":2,"covered":2,"skipped":0,"pct":100},"branches":{"total":0,"covered":0,"skipped":0,"pct":100}}
,"/home/rlllok/Documents/django_vue/misha/frontend/vue_frontend/src/App.vue": {"lines":{"total":6,"covered":6,"skipped":0,"pct":100},"functions":{"total":0,"covered":0,"skipped":0,"pct":100},"statements":{"total":6,"covered":6,"skipped":0,"pct":100},"branches":{"total":0,"covered":0,"skipped":0,"pct":100}}
,"/home/rlllok/Documents/django_vue/misha/frontend/vue_frontend/src/main.js": {"lines":{"total":4,"covered":4,"skipped":0,"pct":100},"functions":{"total":0,"covered":0,"skipped":0,"pct":100},"statements":{"total":4,"covered":4,"skipped":0,"pct":100},"branches":{"total":0,"covered":0,"skipped":0,"pct":100}}
,"/home/rlllok/Documents/django_vue/misha/frontend/vue_frontend/src/api/index.js": {"lines":{"total":1,"covered":1,"skipped":0,"pct":100},"functions":{"total":0,"covered":0,"skipped":0,"pct":100},"statements":{"total":1,"covered":1,"skipped":0,"pct":100},"branches":{"total":0,"covered":0,"skipped":0,"pct":100}}
,"/home/rlllok/Documents/django_vue/misha/frontend/vue_frontend/src/router/index.js": {"lines":{"total":2,"covered":2,"skipped":0,"pct":100},"functions":{"total":0,"covered":0,"skipped":0,"pct":100},"statements":{"total":2,"covered":2,"skipped":0,"pct":100},"branches":{"total":0,"covered":0,"skipped":0,"pct":100}}
,"/home/rlllok/Documents/django_vue/misha/frontend/vue_frontend/src/store/index.js": {"lines":{"total":15,"covered":4,"skipped":0,"pct":26.66},"functions":{"total":8,"covered":3,"skipped":0,"pct":37.5},"statements":{"total":15,"covered":4,"skipped":0,"pct":26.66},"branches":{"total":2,"covered":0,"skipped":0,"pct":0}}
,"/home/rlllok/Documents/django_vue/misha/frontend/vue_frontend/src/views/AboutView.vue": {"lines":{"total":6,"covered":6,"skipped":0,"pct":100},"functions":{"total":0,"covered":0,"skipped":0,"pct":100},"statements":{"total":6,"covered":6,"skipped":0,"pct":100},"branches":{"total":0,"covered":0,"skipped":0,"pct":100}}
,"/home/rlllok/Documents/django_vue/misha/frontend/vue_frontend/src/views/CreateContactView.vue": {"lines":{"total":5,"covered":3,"skipped":0,"pct":60},"functions":{"total":4,"covered":3,"skipped":0,"pct":75},"statements":{"total":5,"covered":3,"skipped":0,"pct":60},"branches":{"total":0,"covered":0,"skipped":0,"pct":100}}
,"/home/rlllok/Documents/django_vue/misha/frontend/vue_frontend/src/views/HomeView.vue": {"lines":{"total":11,"covered":3,"skipped":0,"pct":27.27},"functions":{"total":9,"covered":2,"skipped":0,"pct":22.22},"statements":{"total":12,"covered":3,"skipped":0,"pct":25},"branches":{"total":2,"covered":1,"skipped":0,"pct":50}}
,"/home/rlllok/Documents/django_vue/misha/frontend/vue_frontend/src/views/ProfileView.vue": {"lines":{"total":2,"covered":2,"skipped":0,"pct":100},"functions":{"total":3,"covered":3,"skipped":0,"pct":100},"statements":{"total":2,"covered":2,"skipped":0,"pct":100},"branches":{"total":0,"covered":0,"skipped":0,"pct":100}}
,"/home/rlllok/Documents/django_vue/misha/frontend/vue_frontend/src/views/SignInView.vue": {"lines":{"total":5,"covered":2,"skipped":0,"pct":40},"functions":{"total":4,"covered":2,"skipped":0,"pct":50},"statements":{"total":5,"covered":2,"skipped":0,"pct":40},"branches":{"total":0,"covered":0,"skipped":0,"pct":100}}
,"/home/rlllok/Documents/django_vue/misha/frontend/vue_frontend/src/views/SignUpView.vue": {"lines":{"total":5,"covered":4,"skipped":0,"pct":80},"functions":{"total":4,"covered":3,"skipped":0,"pct":75},"statements":{"total":5,"covered":4,"skipped":0,"pct":80},"branches":{"total":0,"covered":0,"skipped":0,"pct":100}}
,"/home/rlllok/Documents/django_vue/misha/frontend/vue_frontend/src/views/UpdateContactView.vue": {"lines":{"total":2,"covered":2,"skipped":0,"pct":100},"functions":{"total":4,"covered":4,"skipped":0,"pct":100},"statements":{"total":2,"covered":2,"skipped":0,"pct":100},"branches":{"total":0,"covered":0,"skipped":0,"pct":100}}
}
