TN:
SF:src/App.vue
FNF:0
FNH:0
DA:3,137
DA:4,137
DA:5,137
DA:6,137
DA:7,137
DA:8,137
LF:6
LH:6
BRF:0
BRH:0
end_of_record
TN:
SF:src/main.js
FNF:0
FNH:0
DA:8,137
DA:10,137
DA:11,137
DA:13,137
LF:4
LH:4
BRF:0
BRH:0
end_of_record
TN:
SF:src/api/index.js
FNF:0
FNH:0
DA:3,137
LF:1
LH:1
BRF:0
BRH:0
end_of_record
TN:
SF:src/router/index.js
FNF:0
FNH:0
DA:11,137
DA:49,137
LF:2
LH:2
BRF:0
BRH:0
end_of_record
TN:
SF:src/store/index.js
FN:11,(anonymous_0)
FN:16,(anonymous_1)
FN:22,(anonymous_2)
FN:27,(anonymous_3)
FN:28,(anonymous_4)
FN:32,(anonymous_5)
FN:36,(anonymous_6)
FN:41,(anonymous_7)
FNF:8
FNH:3
FNDA:0,(anonymous_0)
FNDA:0,(anonymous_1)
FNDA:6,(anonymous_2)
FNDA:1,(anonymous_3)
FNDA:1,(anonymous_4)
FNDA:0,(anonymous_5)
FNDA:0,(anonymous_6)
FNDA:0,(anonymous_7)
DA:4,137
DA:12,0
DA:13,0
DA:14,0
DA:17,0
DA:18,0
DA:23,6
DA:28,1
DA:29,1
DA:33,0
DA:34,0
DA:35,0
DA:37,0
DA:42,0
DA:43,0
LF:15
LH:4
BRDA:42,0,0,0
BRDA:42,0,1,0
BRF:2
BRH:0
end_of_record
TN:
SF:src/views/AboutView.vue
FNF:0
FNH:0
DA:2,21
DA:3,137
DA:4,137
DA:5,137
DA:9,137
DA:12,137
LF:6
LH:6
BRF:0
BRH:0
end_of_record
TN:
SF:src/views/CreateContactView.vue
FN:21,(anonymous_0)
FN:30,(anonymous_1)
FN:37,(anonymous_2)
FN:40,(anonymous_3)
FNF:4
FNH:2
FNDA:19,(anonymous_0)
FNDA:1,(anonymous_1)
FNDA:0,(anonymous_2)
FNDA:0,(anonymous_3)
DA:22,19
DA:31,1
DA:38,0
DA:39,0
DA:41,0
LF:5
LH:2
BRF:0
BRH:0
end_of_record
TN:
SF:src/views/HomeView.vue
FN:43,(anonymous_0)
FN:49,(anonymous_1)
FN:58,(anonymous_2)
FN:59,(anonymous_3)
FN:61,(anonymous_4)
FN:64,(anonymous_5)
FN:67,(anonymous_6)
FN:68,(anonymous_7)
FN:71,(anonymous_8)
FNF:9
FNH:2
FNDA:6,(anonymous_0)
FNDA:6,(anonymous_1)
FNDA:0,(anonymous_2)
FNDA:0,(anonymous_3)
FNDA:0,(anonymous_4)
FNDA:0,(anonymous_5)
FNDA:0,(anonymous_6)
FNDA:0,(anonymous_7)
FNDA:0,(anonymous_8)
DA:44,6
DA:50,6
DA:51,0
DA:53,6
DA:59,0
DA:62,0
DA:65,0
DA:68,0
DA:69,0
DA:70,0
DA:72,0
LF:11
LH:3
BRDA:50,0,0,0
BRDA:50,0,1,6
BRF:2
BRH:1
end_of_record
TN:
SF:src/views/ProfileView.vue
FN:33,(anonymous_0)
FN:39,(anonymous_1)
FN:44,(anonymous_2)
FNF:3
FNH:3
FNDA:18,(anonymous_0)
FNDA:18,(anonymous_1)
FNDA:18,(anonymous_2)
DA:34,18
DA:40,18
LF:2
LH:2
BRF:0
BRH:0
end_of_record
TN:
SF:src/views/SignInView.vue
FN:18,(anonymous_0)
FN:26,(anonymous_1)
FN:30,(anonymous_2)
FN:32,(anonymous_3)
FNF:4
FNH:2
FNDA:34,(anonymous_0)
FNDA:1,(anonymous_1)
FNDA:0,(anonymous_2)
FNDA:0,(anonymous_3)
DA:19,34
DA:27,1
DA:31,0
DA:33,0
DA:34,0
LF:5
LH:2
BRF:0
BRH:0
end_of_record
TN:
SF:src/views/SignUpView.vue
FN:34,(anonymous_0)
FN:47,(anonymous_1)
FN:55,(anonymous_2)
FN:57,(anonymous_3)
FNF:4
FNH:2
FNDA:24,(anonymous_0)
FNDA:1,(anonymous_1)
FNDA:0,(anonymous_2)
FNDA:0,(anonymous_3)
DA:35,24
DA:48,1
DA:56,0
DA:58,0
DA:59,0
LF:5
LH:2
BRF:0
BRH:0
end_of_record
TN:
SF:src/views/UpdateContactView.vue
FN:21,(anonymous_0)
FN:29,(anonymous_1)
FN:37,(anonymous_2)
FN:45,(anonymous_3)
FNF:4
FNH:4
FNDA:19,(anonymous_0)
FNDA:19,(anonymous_1)
FNDA:19,(anonymous_2)
FNDA:1,(anonymous_3)
DA:22,19
DA:31,19
LF:2
LH:2
BRF:0
BRH:0
end_of_record
TN:
SF:../../../../../../../rlllok/Documents/django_vue/misha/frontend/vue_frontend/src/App.vue
FNF:0
FNH:0
DA:3,157
DA:4,157
DA:5,157
DA:6,157
DA:7,157
DA:8,157
LF:6
LH:6
BRF:0
BRH:0
end_of_record
TN:
SF:../../../../../../../rlllok/Documents/django_vue/misha/frontend/vue_frontend/src/main.js
FNF:0
FNH:0
DA:8,157
DA:10,157
DA:11,157
DA:13,157
LF:4
LH:4
BRF:0
BRH:0
end_of_record
TN:
SF:../../../../../../../rlllok/Documents/django_vue/misha/frontend/vue_frontend/src/api/index.js
FNF:0
FNH:0
DA:3,157
LF:1
LH:1
BRF:0
BRH:0
end_of_record
TN:
SF:../../../../../../../rlllok/Documents/django_vue/misha/frontend/vue_frontend/src/router/index.js
FNF:0
FNH:0
DA:11,157
DA:49,157
LF:2
LH:2
BRF:0
BRH:0
end_of_record
TN:
SF:../../../../../../../rlllok/Documents/django_vue/misha/frontend/vue_frontend/src/store/index.js
FN:11,(anonymous_0)
FN:16,(anonymous_1)
FN:22,(anonymous_2)
FN:27,(anonymous_3)
FN:28,(anonymous_4)
FN:32,(anonymous_5)
FN:36,(anonymous_6)
FN:41,(anonymous_7)
FNF:8
FNH:3
FNDA:0,(anonymous_0)
FNDA:0,(anonymous_1)
FNDA:7,(anonymous_2)
FNDA:1,(anonymous_3)
FNDA:1,(anonymous_4)
FNDA:0,(anonymous_5)
FNDA:0,(anonymous_6)
FNDA:0,(anonymous_7)
DA:4,157
DA:12,0
DA:13,0
DA:14,0
DA:17,0
DA:18,0
DA:23,7
DA:28,1
DA:29,1
DA:33,0
DA:34,0
DA:35,0
DA:37,0
DA:42,0
DA:43,0
LF:15
LH:4
BRDA:42,0,0,0
BRDA:42,0,1,0
BRF:2
BRH:0
end_of_record
TN:
SF:../../../../../../../rlllok/Documents/django_vue/misha/frontend/vue_frontend/src/views/AboutView.vue
FNF:0
FNH:0
DA:2,37
DA:3,157
DA:4,157
DA:5,157
DA:9,157
DA:12,157
LF:6
LH:6
BRF:0
BRH:0
end_of_record
TN:
SF:../../../../../../../rlllok/Documents/django_vue/misha/frontend/vue_frontend/src/views/CreateContactView.vue
FN:21,(anonymous_0)
FN:30,(anonymous_1)
FN:37,(anonymous_2)
FN:40,(anonymous_3)
FNF:4
FNH:3
FNDA:19,(anonymous_0)
FNDA:1,(anonymous_1)
FNDA:0,(anonymous_2)
FNDA:1,(anonymous_3)
DA:22,19
DA:31,1
DA:38,0
DA:39,0
DA:41,1
LF:5
LH:3
BRF:0
BRH:0
end_of_record
TN:
SF:../../../../../../../rlllok/Documents/django_vue/misha/frontend/vue_frontend/src/views/HomeView.vue
FN:43,(anonymous_0)
FN:49,(anonymous_1)
FN:58,(anonymous_2)
FN:59,(anonymous_3)
FN:61,(anonymous_4)
FN:64,(anonymous_5)
FN:67,(anonymous_6)
FN:68,(anonymous_7)
FN:71,(anonymous_8)
FNF:9
FNH:2
FNDA:7,(anonymous_0)
FNDA:7,(anonymous_1)
FNDA:0,(anonymous_2)
FNDA:0,(anonymous_3)
FNDA:0,(anonymous_4)
FNDA:0,(anonymous_5)
FNDA:0,(anonymous_6)
FNDA:0,(anonymous_7)
FNDA:0,(anonymous_8)
DA:44,7
DA:50,7
DA:51,0
DA:53,7
DA:59,0
DA:62,0
DA:65,0
DA:68,0
DA:69,0
DA:70,0
DA:72,0
LF:11
LH:3
BRDA:50,0,0,0
BRDA:50,0,1,7
BRF:2
BRH:1
end_of_record
TN:
SF:../../../../../../../rlllok/Documents/django_vue/misha/frontend/vue_frontend/src/views/ProfileView.vue
FN:33,(anonymous_0)
FN:39,(anonymous_1)
FN:44,(anonymous_2)
FNF:3
FNH:3
FNDA:18,(anonymous_0)
FNDA:18,(anonymous_1)
FNDA:18,(anonymous_2)
DA:34,18
DA:40,18
LF:2
LH:2
BRF:0
BRH:0
end_of_record
TN:
SF:../../../../../../../rlllok/Documents/django_vue/misha/frontend/vue_frontend/src/views/SignInView.vue
FN:18,(anonymous_0)
FN:26,(anonymous_1)
FN:30,(anonymous_2)
FN:32,(anonymous_3)
FNF:4
FNH:2
FNDA:37,(anonymous_0)
FNDA:1,(anonymous_1)
FNDA:0,(anonymous_2)
FNDA:0,(anonymous_3)
DA:19,37
DA:27,1
DA:31,0
DA:33,0
DA:34,0
LF:5
LH:2
BRF:0
BRH:0
end_of_record
TN:
SF:../../../../../../../rlllok/Documents/django_vue/misha/frontend/vue_frontend/src/views/SignUpView.vue
FN:34,(anonymous_0)
FN:47,(anonymous_1)
FN:55,(anonymous_2)
FN:57,(anonymous_3)
FNF:4
FNH:3
FNDA:25,(anonymous_0)
FNDA:1,(anonymous_1)
FNDA:0,(anonymous_2)
FNDA:1,(anonymous_3)
DA:35,25
DA:48,1
DA:56,0
DA:58,1
DA:59,1
LF:5
LH:4
BRF:0
BRH:0
end_of_record
TN:
SF:../../../../../../../rlllok/Documents/django_vue/misha/frontend/vue_frontend/src/views/UpdateContactView.vue
FN:21,(anonymous_0)
FN:29,(anonymous_1)
FN:37,(anonymous_2)
FN:45,(anonymous_3)
FNF:4
FNH:4
FNDA:19,(anonymous_0)
FNDA:19,(anonymous_1)
FNDA:19,(anonymous_2)
FNDA:1,(anonymous_3)
DA:22,19
DA:31,19
LF:2
LH:2
BRF:0
BRH:0
end_of_record
